{"/Users/uday/Downloads/rsustain-carbon-exchange/app/api/auth/callback/route.ts": {"path":"/Users/uday/Downloads/rsustain-carbon-exchange/app/api/auth/callback/route.ts","statementMap":{"0":{"start":{"line":5,"column":22},"end":{"line":5,"column":26}},"1":{"start":{"line":1,"column":41},"end":{"line":1,"column":null}},"2":{"start":{"line":2,"column":24},"end":{"line":2,"column":null}},"3":{"start":{"line":3,"column":47},"end":{"line":3,"column":null}},"4":{"start":{"line":6,"column":21},"end":{"line":6,"column":null}},"5":{"start":{"line":7,"column":15},"end":{"line":7,"column":null}},"6":{"start":{"line":9,"column":2},"end":{"line":29,"column":null}},"7":{"start":{"line":10,"column":24},"end":{"line":10,"column":null}},"8":{"start":{"line":11,"column":21},"end":{"line":11,"column":null}},"9":{"start":{"line":11,"column":63},"end":{"line":11,"column":75}},"10":{"start":{"line":13,"column":28},"end":{"line":13,"column":null}},"11":{"start":{"line":15,"column":4},"end":{"line":28,"column":null}},"12":{"start":{"line":17,"column":38},"end":{"line":23,"column":null}},"13":{"start":{"line":25,"column":6},"end":{"line":27,"column":null}},"14":{"start":{"line":26,"column":8},"end":{"line":26,"column":null}},"15":{"start":{"line":32,"column":2},"end":{"line":32,"column":null}}},"fnMap":{"0":{"name":"GET","decl":{"start":{"line":5,"column":22},"end":{"line":5,"column":26}},"loc":{"start":{"line":5,"column":46},"end":{"line":33,"column":null}}},"1":{"name":"(anonymous_2)","decl":{"start":{"line":11,"column":57},"end":{"line":11,"column":63}},"loc":{"start":{"line":11,"column":63},"end":{"line":11,"column":75}}}},"branchMap":{"0":{"loc":{"start":{"line":9,"column":2},"end":{"line":29,"column":null}},"type":"if","locations":[{"start":{"line":9,"column":2},"end":{"line":29,"column":null}}]},"1":{"loc":{"start":{"line":15,"column":4},"end":{"line":28,"column":null}},"type":"if","locations":[{"start":{"line":15,"column":4},"end":{"line":28,"column":null}}]},"2":{"loc":{"start":{"line":15,"column":8},"end":{"line":15,"column":27}},"type":"binary-expr","locations":[{"start":{"line":15,"column":8},"end":{"line":15,"column":18}},{"start":{"line":15,"column":18},"end":{"line":15,"column":27}}]},"3":{"loc":{"start":{"line":20,"column":14},"end":{"line":20,"column":null}},"type":"binary-expr","locations":[{"start":{"line":20,"column":14},"end":{"line":20,"column":47}},{"start":{"line":20,"column":47},"end":{"line":20,"column":null}}]},"4":{"loc":{"start":{"line":25,"column":6},"end":{"line":27,"column":null}},"type":"if","locations":[{"start":{"line":25,"column":6},"end":{"line":27,"column":null}}]}},"s":{"0":0,"1":0,"2":0,"3":0,"4":0,"5":0,"6":0,"7":0,"8":0,"9":0,"10":0,"11":0,"12":0,"13":0,"14":0,"15":0},"f":{"0":0,"1":0},"b":{"0":[0],"1":[0],"2":[0,0],"3":[0,0],"4":[0]}}
,"/Users/uday/Downloads/rsustain-carbon-exchange/app/api/carbon-calculator/assessments/route.ts": {"path":"/Users/uday/Downloads/rsustain-carbon-exchange/app/api/carbon-calculator/assessments/route.ts","statementMap":{"0":{"start":{"line":179,"column":22},"end":{"line":179,"column":28}},"1":{"start":{"line":6,"column":22},"end":{"line":6,"column":25}},"2":{"start":{"line":82,"column":22},"end":{"line":82,"column":27}},"3":{"start":{"line":1,"column":42},"end":{"line":1,"column":null}},"4":{"start":{"line":2,"column":41},"end":{"line":2,"column":null}},"5":{"start":{"line":3,"column":24},"end":{"line":3,"column":null}},"6":{"start":{"line":7,"column":2},"end":{"line":78,"column":null}},"7":{"start":{"line":8,"column":21},"end":{"line":8,"column":null}},"8":{"start":{"line":11,"column":49},"end":{"line":11,"column":null}},"9":{"start":{"line":12,"column":4},"end":{"line":14,"column":null}},"10":{"start":{"line":13,"column":6},"end":{"line":13,"column":null}},"11":{"start":{"line":16,"column":29},"end":{"line":16,"column":null}},"12":{"start":{"line":17,"column":25},"end":{"line":17,"column":null}},"13":{"start":{"line":18,"column":27},"end":{"line":18,"column":null}},"14":{"start":{"line":20,"column":4},"end":{"line":73,"column":null}},"15":{"start":{"line":22,"column":42},"end":{"line":27,"column":null}},"16":{"start":{"line":29,"column":6},"end":{"line":31,"column":null}},"17":{"start":{"line":30,"column":8},"end":{"line":30,"column":null}},"18":{"start":{"line":33,"column":6},"end":{"line":56,"column":null}},"19":{"start":{"line":35,"column":41},"end":{"line":48,"column":null}},"20":{"start":{"line":50,"column":8},"end":{"line":55,"column":null}},"21":{"start":{"line":58,"column":6},"end":{"line":58,"column":null}},"22":{"start":{"line":61,"column":43},"end":{"line":65,"column":null}},"23":{"start":{"line":67,"column":6},"end":{"line":70,"column":null}},"24":{"start":{"line":68,"column":8},"end":{"line":68,"column":null}},"25":{"start":{"line":69,"column":8},"end":{"line":69,"column":null}},"26":{"start":{"line":72,"column":6},"end":{"line":72,"column":null}},"27":{"start":{"line":76,"column":4},"end":{"line":76,"column":null}},"28":{"start":{"line":77,"column":4},"end":{"line":77,"column":null}},"29":{"start":{"line":83,"column":2},"end":{"line":175,"column":null}},"30":{"start":{"line":84,"column":21},"end":{"line":84,"column":null}},"31":{"start":{"line":87,"column":49},"end":{"line":87,"column":null}},"32":{"start":{"line":88,"column":4},"end":{"line":90,"column":null}},"33":{"start":{"line":89,"column":6},"end":{"line":89,"column":null}},"34":{"start":{"line":92,"column":17},"end":{"line":92,"column":null}},"35":{"start":{"line":93,"column":55},"end":{"line":93,"column":null}},"36":{"start":{"line":95,"column":4},"end":{"line":97,"column":null}},"37":{"start":{"line":96,"column":6},"end":{"line":96,"column":null}},"38":{"start":{"line":100,"column":52},"end":{"line":105,"column":null}},"39":{"start":{"line":107,"column":4},"end":{"line":109,"column":null}},"40":{"start":{"line":108,"column":6},"end":{"line":108,"column":null}},"41":{"start":{"line":111,"column":4},"end":{"line":170,"column":null}},"42":{"start":{"line":114,"column":39},"end":{"line":120,"column":null}},"43":{"start":{"line":122,"column":8},"end":{"line":124,"column":null}},"44":{"start":{"line":123,"column":10},"end":{"line":123,"column":null}},"45":{"start":{"line":127,"column":8},"end":{"line":133,"column":null}},"46":{"start":{"line":135,"column":8},"end":{"line":135,"column":null}},"47":{"start":{"line":138,"column":8},"end":{"line":140,"column":null}},"48":{"start":{"line":139,"column":10},"end":{"line":139,"column":null}},"49":{"start":{"line":143,"column":31},"end":{"line":143,"column":null}},"50":{"start":{"line":145,"column":8},"end":{"line":148,"column":null}},"51":{"start":{"line":152,"column":31},"end":{"line":152,"column":null}},"52":{"start":{"line":154,"column":8},"end":{"line":161,"column":null}},"53":{"start":{"line":163,"column":8},"end":{"line":166,"column":null}},"54":{"start":{"line":169,"column":8},"end":{"line":169,"column":null}},"55":{"start":{"line":173,"column":4},"end":{"line":173,"column":null}},"56":{"start":{"line":174,"column":4},"end":{"line":174,"column":null}},"57":{"start":{"line":180,"column":2},"end":{"line":228,"column":null}},"58":{"start":{"line":181,"column":21},"end":{"line":181,"column":null}},"59":{"start":{"line":184,"column":49},"end":{"line":184,"column":null}},"60":{"start":{"line":185,"column":4},"end":{"line":187,"column":null}},"61":{"start":{"line":186,"column":6},"end":{"line":186,"column":null}},"62":{"start":{"line":189,"column":29},"end":{"line":189,"column":null}},"63":{"start":{"line":190,"column":25},"end":{"line":190,"column":null}},"64":{"start":{"line":192,"column":4},"end":{"line":194,"column":null}},"65":{"start":{"line":193,"column":6},"end":{"line":193,"column":null}},"66":{"start":{"line":197,"column":52},"end":{"line":202,"column":null}},"67":{"start":{"line":204,"column":4},"end":{"line":206,"column":null}},"68":{"start":{"line":205,"column":6},"end":{"line":205,"column":null}},"69":{"start":{"line":208,"column":4},"end":{"line":210,"column":null}},"70":{"start":{"line":209,"column":6},"end":{"line":209,"column":null}},"71":{"start":{"line":213,"column":35},"end":{"line":216,"column":null}},"72":{"start":{"line":218,"column":4},"end":{"line":221,"column":null}},"73":{"start":{"line":219,"column":6},"end":{"line":219,"column":null}},"74":{"start":{"line":220,"column":6},"end":{"line":220,"column":null}},"75":{"start":{"line":223,"column":4},"end":{"line":223,"column":null}},"76":{"start":{"line":226,"column":4},"end":{"line":226,"column":null}},"77":{"start":{"line":227,"column":4},"end":{"line":227,"column":null}},"78":{"start":{"line":235,"column":2},"end":{"line":235,"column":null}},"79":{"start":{"line":241,"column":2},"end":{"line":241,"column":null}}},"fnMap":{"0":{"name":"GET","decl":{"start":{"line":6,"column":22},"end":{"line":6,"column":25}},"loc":{"start":{"line":6,"column":46},"end":{"line":79,"column":null}}},"1":{"name":"PATCH","decl":{"start":{"line":82,"column":22},"end":{"line":82,"column":27}},"loc":{"start":{"line":82,"column":48},"end":{"line":176,"column":null}}},"2":{"name":"DELETE","decl":{"start":{"line":179,"column":22},"end":{"line":179,"column":28}},"loc":{"start":{"line":179,"column":49},"end":{"line":229,"column":null}}},"3":{"name":"generateCertificate","decl":{"start":{"line":232,"column":15},"end":{"line":232,"column":35}},"loc":{"start":{"line":232,"column":55},"end":{"line":236,"column":null}}},"4":{"name":"submitToBlockchain","decl":{"start":{"line":238,"column":15},"end":{"line":238,"column":34}},"loc":{"start":{"line":238,"column":54},"end":{"line":242,"column":null}}}},"branchMap":{"0":{"loc":{"start":{"line":12,"column":4},"end":{"line":14,"column":null}},"type":"if","locations":[{"start":{"line":12,"column":4},"end":{"line":14,"column":null}}]},"1":{"loc":{"start":{"line":12,"column":8},"end":{"line":12,"column":28}},"type":"binary-expr","locations":[{"start":{"line":12,"column":8},"end":{"line":12,"column":21}},{"start":{"line":12,"column":21},"end":{"line":12,"column":28}}]},"2":{"loc":{"start":{"line":20,"column":4},"end":{"line":73,"column":null}},"type":"if","locations":[{"start":{"line":20,"column":4},"end":{"line":73,"column":null}},{"start":{"line":59,"column":11},"end":{"line":73,"column":null}}]},"3":{"loc":{"start":{"line":29,"column":6},"end":{"line":31,"column":null}},"type":"if","locations":[{"start":{"line":29,"column":6},"end":{"line":31,"column":null}}]},"4":{"loc":{"start":{"line":29,"column":10},"end":{"line":29,"column":32}},"type":"binary-expr","locations":[{"start":{"line":29,"column":10},"end":{"line":29,"column":19}},{"start":{"line":29,"column":19},"end":{"line":29,"column":32}}]},"5":{"loc":{"start":{"line":33,"column":6},"end":{"line":56,"column":null}},"type":"if","locations":[{"start":{"line":33,"column":6},"end":{"line":56,"column":null}}]},"6":{"loc":{"start":{"line":52,"column":18},"end":{"line":52,"column":35}},"type":"binary-expr","locations":[{"start":{"line":52,"column":18},"end":{"line":52,"column":29}},{"start":{"line":52,"column":33},"end":{"line":52,"column":35}}]},"7":{"loc":{"start":{"line":53,"column":18},"end":{"line":53,"column":35}},"type":"binary-expr","locations":[{"start":{"line":53,"column":18},"end":{"line":53,"column":29}},{"start":{"line":53,"column":33},"end":{"line":53,"column":35}}]},"8":{"loc":{"start":{"line":54,"column":18},"end":{"line":54,"column":35}},"type":"binary-expr","locations":[{"start":{"line":54,"column":18},"end":{"line":54,"column":29}},{"start":{"line":54,"column":33},"end":{"line":54,"column":35}}]},"9":{"loc":{"start":{"line":67,"column":6},"end":{"line":70,"column":null}},"type":"if","locations":[{"start":{"line":67,"column":6},"end":{"line":70,"column":null}}]},"10":{"loc":{"start":{"line":72,"column":46},"end":{"line":72,"column":63}},"type":"binary-expr","locations":[{"start":{"line":72,"column":46},"end":{"line":72,"column":61}},{"start":{"line":72,"column":61},"end":{"line":72,"column":63}}]},"11":{"loc":{"start":{"line":88,"column":4},"end":{"line":90,"column":null}},"type":"if","locations":[{"start":{"line":88,"column":4},"end":{"line":90,"column":null}}]},"12":{"loc":{"start":{"line":88,"column":8},"end":{"line":88,"column":28}},"type":"binary-expr","locations":[{"start":{"line":88,"column":8},"end":{"line":88,"column":21}},{"start":{"line":88,"column":21},"end":{"line":88,"column":28}}]},"13":{"loc":{"start":{"line":95,"column":4},"end":{"line":97,"column":null}},"type":"if","locations":[{"start":{"line":95,"column":4},"end":{"line":97,"column":null}}]},"14":{"loc":{"start":{"line":95,"column":8},"end":{"line":95,"column":34}},"type":"binary-expr","locations":[{"start":{"line":95,"column":8},"end":{"line":95,"column":25}},{"start":{"line":95,"column":25},"end":{"line":95,"column":34}}]},"15":{"loc":{"start":{"line":107,"column":4},"end":{"line":109,"column":null}},"type":"if","locations":[{"start":{"line":107,"column":4},"end":{"line":109,"column":null}}]},"16":{"loc":{"start":{"line":107,"column":8},"end":{"line":107,"column":35}},"type":"binary-expr","locations":[{"start":{"line":107,"column":8},"end":{"line":107,"column":22}},{"start":{"line":107,"column":22},"end":{"line":107,"column":35}}]},"17":{"loc":{"start":{"line":111,"column":4},"end":{"line":170,"column":null}},"type":"switch","locations":[{"start":{"line":112,"column":6},"end":{"line":135,"column":null}},{"start":{"line":137,"column":6},"end":{"line":148,"column":null}},{"start":{"line":150,"column":6},"end":{"line":166,"column":null}},{"start":{"line":168,"column":6},"end":{"line":169,"column":null}}]},"18":{"loc":{"start":{"line":122,"column":8},"end":{"line":124,"column":null}},"type":"if","locations":[{"start":{"line":122,"column":8},"end":{"line":124,"column":null}}]},"19":{"loc":{"start":{"line":132,"column":35},"end":{"line":132,"column":null}},"type":"binary-expr","locations":[{"start":{"line":132,"column":35},"end":{"line":132,"column":65}},{"start":{"line":132,"column":65},"end":{"line":132,"column":null}}]},"20":{"loc":{"start":{"line":138,"column":8},"end":{"line":140,"column":null}},"type":"if","locations":[{"start":{"line":138,"column":8},"end":{"line":140,"column":null}}]},"21":{"loc":{"start":{"line":185,"column":4},"end":{"line":187,"column":null}},"type":"if","locations":[{"start":{"line":185,"column":4},"end":{"line":187,"column":null}}]},"22":{"loc":{"start":{"line":185,"column":8},"end":{"line":185,"column":28}},"type":"binary-expr","locations":[{"start":{"line":185,"column":8},"end":{"line":185,"column":21}},{"start":{"line":185,"column":21},"end":{"line":185,"column":28}}]},"23":{"loc":{"start":{"line":192,"column":4},"end":{"line":194,"column":null}},"type":"if","locations":[{"start":{"line":192,"column":4},"end":{"line":194,"column":null}}]},"24":{"loc":{"start":{"line":204,"column":4},"end":{"line":206,"column":null}},"type":"if","locations":[{"start":{"line":204,"column":4},"end":{"line":206,"column":null}}]},"25":{"loc":{"start":{"line":204,"column":8},"end":{"line":204,"column":35}},"type":"binary-expr","locations":[{"start":{"line":204,"column":8},"end":{"line":204,"column":22}},{"start":{"line":204,"column":22},"end":{"line":204,"column":35}}]},"26":{"loc":{"start":{"line":208,"column":4},"end":{"line":210,"column":null}},"type":"if","locations":[{"start":{"line":208,"column":4},"end":{"line":210,"column":null}}]},"27":{"loc":{"start":{"line":208,"column":8},"end":{"line":208,"column":104}},"type":"binary-expr","locations":[{"start":{"line":208,"column":8},"end":{"line":208,"column":57}},{"start":{"line":208,"column":57},"end":{"line":208,"column":104}}]},"28":{"loc":{"start":{"line":218,"column":4},"end":{"line":221,"column":null}},"type":"if","locations":[{"start":{"line":218,"column":4},"end":{"line":221,"column":null}}]}},"s":{"0":0,"1":0,"2":0,"3":0,"4":0,"5":0,"6":0,"7":0,"8":0,"9":0,"10":0,"11":0,"12":0,"13":0,"14":0,"15":0,"16":0,"17":0,"18":0,"19":0,"20":0,"21":0,"22":0,"23":0,"24":0,"25":0,"26":0,"27":0,"28":0,"29":0,"30":0,"31":0,"32":0,"33":0,"34":0,"35":0,"36":0,"37":0,"38":0,"39":0,"40":0,"41":0,"42":0,"43":0,"44":0,"45":0,"46":0,"47":0,"48":0,"49":0,"50":0,"51":0,"52":0,"53":0,"54":0,"55":0,"56":0,"57":0,"58":0,"59":0,"60":0,"61":0,"62":0,"63":0,"64":0,"65":0,"66":0,"67":0,"68":0,"69":0,"70":0,"71":0,"72":0,"73":0,"74":0,"75":0,"76":0,"77":0,"78":0,"79":0},"f":{"0":0,"1":0,"2":0,"3":0,"4":0},"b":{"0":[0],"1":[0,0],"2":[0,0],"3":[0],"4":[0,0],"5":[0],"6":[0,0],"7":[0,0],"8":[0,0],"9":[0],"10":[0,0],"11":[0],"12":[0,0],"13":[0],"14":[0,0],"15":[0],"16":[0,0],"17":[0,0,0,0],"18":[0],"19":[0,0],"20":[0],"21":[0],"22":[0,0],"23":[0],"24":[0],"25":[0,0],"26":[0],"27":[0,0],"28":[0]}}
,"/Users/uday/Downloads/rsustain-carbon-exchange/app/api/carbon-calculator/calculate/route.ts": {"path":"/Users/uday/Downloads/rsustain-carbon-exchange/app/api/carbon-calculator/calculate/route.ts","statementMap":{"0":{"start":{"line":7,"column":22},"end":{"line":7,"column":27}},"1":{"start":{"line":1,"column":42},"end":{"line":1,"column":null}},"2":{"start":{"line":2,"column":89},"end":{"line":2,"column":null}},"3":{"start":{"line":3,"column":41},"end":{"line":3,"column":null}},"4":{"start":{"line":4,"column":24},"end":{"line":4,"column":null}},"5":{"start":{"line":8,"column":2},"end":{"line":168,"column":null}},"6":{"start":{"line":9,"column":21},"end":{"line":9,"column":null}},"7":{"start":{"line":12,"column":49},"end":{"line":12,"column":null}},"8":{"start":{"line":13,"column":4},"end":{"line":15,"column":null}},"9":{"start":{"line":14,"column":6},"end":{"line":14,"column":null}},"10":{"start":{"line":17,"column":17},"end":{"line":17,"column":null}},"11":{"start":{"line":24,"column":8},"end":{"line":24,"column":null}},"12":{"start":{"line":27,"column":4},"end":{"line":32,"column":null}},"13":{"start":{"line":28,"column":6},"end":{"line":30,"column":null}},"14":{"start":{"line":35,"column":22},"end":{"line":35,"column":null}},"15":{"start":{"line":36,"column":20},"end":{"line":36,"column":null}},"16":{"start":{"line":37,"column":4},"end":{"line":42,"column":null}},"17":{"start":{"line":38,"column":6},"end":{"line":40,"column":null}},"18":{"start":{"line":45,"column":26},"end":{"line":45,"column":28}},"19":{"start":{"line":46,"column":26},"end":{"line":46,"column":28}},"20":{"start":{"line":47,"column":26},"end":{"line":47,"column":28}},"21":{"start":{"line":50,"column":4},"end":{"line":67,"column":null}},"22":{"start":{"line":51,"column":6},"end":{"line":56,"column":null}},"23":{"start":{"line":52,"column":8},"end":{"line":54,"column":null}},"24":{"start":{"line":58,"column":6},"end":{"line":66,"column":null}},"25":{"start":{"line":59,"column":23},"end":{"line":59,"column":null}},"26":{"start":{"line":60,"column":8},"end":{"line":60,"column":null}},"27":{"start":{"line":62,"column":8},"end":{"line":64,"column":null}},"28":{"start":{"line":70,"column":4},"end":{"line":87,"column":null}},"29":{"start":{"line":71,"column":6},"end":{"line":76,"column":null}},"30":{"start":{"line":72,"column":8},"end":{"line":74,"column":null}},"31":{"start":{"line":78,"column":6},"end":{"line":86,"column":null}},"32":{"start":{"line":79,"column":23},"end":{"line":79,"column":null}},"33":{"start":{"line":80,"column":8},"end":{"line":80,"column":null}},"34":{"start":{"line":82,"column":8},"end":{"line":84,"column":null}},"35":{"start":{"line":90,"column":4},"end":{"line":107,"column":null}},"36":{"start":{"line":91,"column":6},"end":{"line":96,"column":null}},"37":{"start":{"line":92,"column":8},"end":{"line":94,"column":null}},"38":{"start":{"line":98,"column":6},"end":{"line":106,"column":null}},"39":{"start":{"line":99,"column":23},"end":{"line":99,"column":null}},"40":{"start":{"line":100,"column":8},"end":{"line":100,"column":null}},"41":{"start":{"line":102,"column":8},"end":{"line":104,"column":null}},"42":{"start":{"line":110,"column":24},"end":{"line":110,"column":null}},"43":{"start":{"line":110,"column":57},"end":{"line":110,"column":79}},"44":{"start":{"line":111,"column":24},"end":{"line":111,"column":null}},"45":{"start":{"line":111,"column":57},"end":{"line":111,"column":79}},"46":{"start":{"line":112,"column":24},"end":{"line":112,"column":null}},"47":{"start":{"line":112,"column":57},"end":{"line":112,"column":79}},"48":{"start":{"line":113,"column":27},"end":{"line":113,"column":null}},"49":{"start":{"line":116,"column":23},"end":{"line":116,"column":null}},"50":{"start":{"line":117,"column":26},"end":{"line":119,"column":null}},"51":{"start":{"line":118,"column":38},"end":{"line":118,"column":61}},"52":{"start":{"line":122,"column":38},"end":{"line":122,"column":null}},"53":{"start":{"line":123,"column":4},"end":{"line":134,"column":null}},"54":{"start":{"line":124,"column":6},"end":{"line":129,"column":null}},"55":{"start":{"line":132,"column":6},"end":{"line":132,"column":null}},"56":{"start":{"line":137,"column":21},"end":{"line":158,"column":null}},"57":{"start":{"line":160,"column":4},"end":{"line":160,"column":null}},"58":{"start":{"line":163,"column":4},"end":{"line":163,"column":null}},"59":{"start":{"line":164,"column":4},"end":{"line":166,"column":null}},"60":{"start":{"line":173,"column":16},"end":{"line":173,"column":null}},"61":{"start":{"line":174,"column":19},"end":{"line":174,"column":21}},"62":{"start":{"line":177,"column":2},"end":{"line":183,"column":null}},"63":{"start":{"line":178,"column":4},"end":{"line":182,"column":null}},"64":{"start":{"line":185,"column":2},"end":{"line":191,"column":null}},"65":{"start":{"line":186,"column":4},"end":{"line":190,"column":null}},"66":{"start":{"line":193,"column":2},"end":{"line":199,"column":null}},"67":{"start":{"line":194,"column":4},"end":{"line":198,"column":null}},"68":{"start":{"line":202,"column":2},"end":{"line":208,"column":null}},"69":{"start":{"line":203,"column":4},"end":{"line":207,"column":null}},"70":{"start":{"line":211,"column":2},"end":{"line":217,"column":null}},"71":{"start":{"line":212,"column":4},"end":{"line":216,"column":null}},"72":{"start":{"line":219,"column":2},"end":{"line":219,"column":null}},"73":{"start":{"line":224,"column":26},"end":{"line":224,"column":28}},"74":{"start":{"line":227,"column":2},"end":{"line":238,"column":null}},"75":{"start":{"line":228,"column":24},"end":{"line":228,"column":null}},"76":{"start":{"line":228,"column":50},"end":{"line":228,"column":72}},"77":{"start":{"line":229,"column":4},"end":{"line":237,"column":null}},"78":{"start":{"line":230,"column":6},"end":{"line":236,"column":null}},"79":{"start":{"line":241,"column":2},"end":{"line":252,"column":null}},"80":{"start":{"line":242,"column":24},"end":{"line":242,"column":null}},"81":{"start":{"line":242,"column":50},"end":{"line":242,"column":72}},"82":{"start":{"line":243,"column":4},"end":{"line":251,"column":null}},"83":{"start":{"line":244,"column":6},"end":{"line":250,"column":null}},"84":{"start":{"line":255,"column":2},"end":{"line":266,"column":null}},"85":{"start":{"line":256,"column":24},"end":{"line":256,"column":null}},"86":{"start":{"line":256,"column":50},"end":{"line":256,"column":72}},"87":{"start":{"line":257,"column":4},"end":{"line":265,"column":null}},"88":{"start":{"line":258,"column":6},"end":{"line":264,"column":null}},"89":{"start":{"line":268,"column":2},"end":{"line":268,"column":null}}},"fnMap":{"0":{"name":"POST","decl":{"start":{"line":7,"column":22},"end":{"line":7,"column":27}},"loc":{"start":{"line":7,"column":47},"end":{"line":169,"column":null}}},"1":{"name":"(anonymous_2)","decl":{"start":{"line":110,"column":45},"end":{"line":110,"column":46}},"loc":{"start":{"line":110,"column":57},"end":{"line":110,"column":79}}},"2":{"name":"(anonymous_3)","decl":{"start":{"line":111,"column":45},"end":{"line":111,"column":46}},"loc":{"start":{"line":111,"column":57},"end":{"line":111,"column":79}}},"3":{"name":"(anonymous_4)","decl":{"start":{"line":112,"column":45},"end":{"line":112,"column":46}},"loc":{"start":{"line":112,"column":57},"end":{"line":112,"column":79}}},"4":{"name":"(anonymous_5)","decl":{"start":{"line":118,"column":26},"end":{"line":118,"column":27}},"loc":{"start":{"line":118,"column":38},"end":{"line":118,"column":61}}},"5":{"name":"generateInsights","decl":{"start":{"line":172,"column":9},"end":{"line":172,"column":26}},"loc":{"start":{"line":172,"column":92},"end":{"line":220,"column":null}}},"6":{"name":"generateRecommendations","decl":{"start":{"line":223,"column":9},"end":{"line":223,"column":33}},"loc":{"start":{"line":223,"column":76},"end":{"line":269,"column":null}}},"7":{"name":"(anonymous_8)","decl":{"start":{"line":228,"column":38},"end":{"line":228,"column":39}},"loc":{"start":{"line":228,"column":50},"end":{"line":228,"column":72}}},"8":{"name":"(anonymous_9)","decl":{"start":{"line":242,"column":38},"end":{"line":242,"column":39}},"loc":{"start":{"line":242,"column":50},"end":{"line":242,"column":72}}},"9":{"name":"(anonymous_10)","decl":{"start":{"line":256,"column":38},"end":{"line":256,"column":39}},"loc":{"start":{"line":256,"column":50},"end":{"line":256,"column":72}}}},"branchMap":{"0":{"loc":{"start":{"line":13,"column":4},"end":{"line":15,"column":null}},"type":"if","locations":[{"start":{"line":13,"column":4},"end":{"line":15,"column":null}}]},"1":{"loc":{"start":{"line":13,"column":8},"end":{"line":13,"column":28}},"type":"binary-expr","locations":[{"start":{"line":13,"column":8},"end":{"line":13,"column":21}},{"start":{"line":13,"column":21},"end":{"line":13,"column":28}}]},"2":{"loc":{"start":{"line":20,"column":6},"end":{"line":20,"column":21}},"type":"default-arg","locations":[{"start":{"line":20,"column":19},"end":{"line":20,"column":21}}]},"3":{"loc":{"start":{"line":21,"column":6},"end":{"line":21,"column":21}},"type":"default-arg","locations":[{"start":{"line":21,"column":19},"end":{"line":21,"column":21}}]},"4":{"loc":{"start":{"line":22,"column":6},"end":{"line":22,"column":21}},"type":"default-arg","locations":[{"start":{"line":22,"column":19},"end":{"line":22,"column":21}}]},"5":{"loc":{"start":{"line":23,"column":6},"end":{"line":23,"column":19}},"type":"default-arg","locations":[{"start":{"line":23,"column":15},"end":{"line":23,"column":19}}]},"6":{"loc":{"start":{"line":27,"column":4},"end":{"line":32,"column":null}},"type":"if","locations":[{"start":{"line":27,"column":4},"end":{"line":32,"column":null}}]},"7":{"loc":{"start":{"line":27,"column":8},"end":{"line":27,"column":81}},"type":"binary-expr","locations":[{"start":{"line":27,"column":8},"end":{"line":27,"column":23}},{"start":{"line":27,"column":23},"end":{"line":27,"column":51}},{"start":{"line":27,"column":55},"end":{"line":27,"column":81}}]},"8":{"loc":{"start":{"line":37,"column":4},"end":{"line":42,"column":null}},"type":"if","locations":[{"start":{"line":37,"column":4},"end":{"line":42,"column":null}}]},"9":{"loc":{"start":{"line":51,"column":6},"end":{"line":56,"column":null}},"type":"if","locations":[{"start":{"line":51,"column":6},"end":{"line":56,"column":null}}]},"10":{"loc":{"start":{"line":51,"column":10},"end":{"line":51,"column":89}},"type":"binary-expr","locations":[{"start":{"line":51,"column":10},"end":{"line":51,"column":31}},{"start":{"line":51,"column":35},"end":{"line":51,"column":60}},{"start":{"line":51,"column":64},"end":{"line":51,"column":89}}]},"11":{"loc":{"start":{"line":71,"column":6},"end":{"line":76,"column":null}},"type":"if","locations":[{"start":{"line":71,"column":6},"end":{"line":76,"column":null}}]},"12":{"loc":{"start":{"line":71,"column":10},"end":{"line":71,"column":91}},"type":"binary-expr","locations":[{"start":{"line":71,"column":10},"end":{"line":71,"column":33}},{"start":{"line":71,"column":37},"end":{"line":71,"column":62}},{"start":{"line":71,"column":66},"end":{"line":71,"column":91}}]},"13":{"loc":{"start":{"line":91,"column":6},"end":{"line":96,"column":null}},"type":"if","locations":[{"start":{"line":91,"column":6},"end":{"line":96,"column":null}}]},"14":{"loc":{"start":{"line":91,"column":10},"end":{"line":91,"column":95}},"type":"binary-expr","locations":[{"start":{"line":91,"column":10},"end":{"line":91,"column":37}},{"start":{"line":91,"column":41},"end":{"line":91,"column":66}},{"start":{"line":91,"column":70},"end":{"line":91,"column":95}}]},"15":{"loc":{"start":{"line":117,"column":26},"end":{"line":119,"column":null}},"type":"cond-expr","locations":[{"start":{"line":118,"column":8},"end":{"line":118,"column":85}},{"start":{"line":119,"column":8},"end":{"line":119,"column":null}}]},"16":{"loc":{"start":{"line":146,"column":18},"end":{"line":146,"column":null}},"type":"cond-expr","locations":[{"start":{"line":146,"column":36},"end":{"line":146,"column":87}},{"start":{"line":146,"column":87},"end":{"line":146,"column":null}}]},"17":{"loc":{"start":{"line":147,"column":18},"end":{"line":147,"column":null}},"type":"cond-expr","locations":[{"start":{"line":147,"column":36},"end":{"line":147,"column":87}},{"start":{"line":147,"column":87},"end":{"line":147,"column":null}}]},"18":{"loc":{"start":{"line":148,"column":18},"end":{"line":148,"column":null}},"type":"cond-expr","locations":[{"start":{"line":148,"column":36},"end":{"line":148,"column":87}},{"start":{"line":148,"column":87},"end":{"line":148,"column":null}}]},"19":{"loc":{"start":{"line":177,"column":2},"end":{"line":183,"column":null}},"type":"if","locations":[{"start":{"line":177,"column":2},"end":{"line":183,"column":null}}]},"20":{"loc":{"start":{"line":185,"column":2},"end":{"line":191,"column":null}},"type":"if","locations":[{"start":{"line":185,"column":2},"end":{"line":191,"column":null}}]},"21":{"loc":{"start":{"line":193,"column":2},"end":{"line":199,"column":null}},"type":"if","locations":[{"start":{"line":193,"column":2},"end":{"line":199,"column":null}}]},"22":{"loc":{"start":{"line":202,"column":2},"end":{"line":208,"column":null}},"type":"if","locations":[{"start":{"line":202,"column":2},"end":{"line":208,"column":null}}]},"23":{"loc":{"start":{"line":211,"column":2},"end":{"line":217,"column":null}},"type":"if","locations":[{"start":{"line":211,"column":2},"end":{"line":217,"column":null}}]},"24":{"loc":{"start":{"line":227,"column":2},"end":{"line":238,"column":null}},"type":"if","locations":[{"start":{"line":227,"column":2},"end":{"line":238,"column":null}}]},"25":{"loc":{"start":{"line":229,"column":4},"end":{"line":237,"column":null}},"type":"if","locations":[{"start":{"line":229,"column":4},"end":{"line":237,"column":null}}]},"26":{"loc":{"start":{"line":241,"column":2},"end":{"line":252,"column":null}},"type":"if","locations":[{"start":{"line":241,"column":2},"end":{"line":252,"column":null}}]},"27":{"loc":{"start":{"line":243,"column":4},"end":{"line":251,"column":null}},"type":"if","locations":[{"start":{"line":243,"column":4},"end":{"line":251,"column":null}}]},"28":{"loc":{"start":{"line":255,"column":2},"end":{"line":266,"column":null}},"type":"if","locations":[{"start":{"line":255,"column":2},"end":{"line":266,"column":null}}]},"29":{"loc":{"start":{"line":257,"column":4},"end":{"line":265,"column":null}},"type":"if","locations":[{"start":{"line":257,"column":4},"end":{"line":265,"column":null}}]}},"s":{"0":0,"1":0,"2":0,"3":0,"4":0,"5":0,"6":0,"7":0,"8":0,"9":0,"10":0,"11":0,"12":0,"13":0,"14":0,"15":0,"16":0,"17":0,"18":0,"19":0,"20":0,"21":0,"22":0,"23":0,"24":0,"25":0,"26":0,"27":0,"28":0,"29":0,"30":0,"31":0,"32":0,"33":0,"34":0,"35":0,"36":0,"37":0,"38":0,"39":0,"40":0,"41":0,"42":0,"43":0,"44":0,"45":0,"46":0,"47":0,"48":0,"49":0,"50":0,"51":0,"52":0,"53":0,"54":0,"55":0,"56":0,"57":0,"58":0,"59":0,"60":0,"61":0,"62":0,"63":0,"64":0,"65":0,"66":0,"67":0,"68":0,"69":0,"70":0,"71":0,"72":0,"73":0,"74":0,"75":0,"76":0,"77":0,"78":0,"79":0,"80":0,"81":0,"82":0,"83":0,"84":0,"85":0,"86":0,"87":0,"88":0,"89":0},"f":{"0":0,"1":0,"2":0,"3":0,"4":0,"5":0,"6":0,"7":0,"8":0,"9":0},"b":{"0":[0],"1":[0,0],"2":[0],"3":[0],"4":[0],"5":[0],"6":[0],"7":[0,0,0],"8":[0],"9":[0],"10":[0,0,0],"11":[0],"12":[0,0,0],"13":[0],"14":[0,0,0],"15":[0,0],"16":[0,0],"17":[0,0],"18":[0,0],"19":[0],"20":[0],"21":[0],"22":[0],"23":[0],"24":[0],"25":[0],"26":[0],"27":[0],"28":[0],"29":[0]}}
,"/Users/uday/Downloads/rsustain-carbon-exchange/app/api/carbon-calculator/emission-factors/route.ts": {"path":"/Users/uday/Downloads/rsustain-carbon-exchange/app/api/carbon-calculator/emission-factors/route.ts","statementMap":{"0":{"start":{"line":6,"column":22},"end":{"line":6,"column":25}},"1":{"start":{"line":75,"column":22},"end":{"line":75,"column":26}},"2":{"start":{"line":1,"column":42},"end":{"line":1,"column":null}},"3":{"start":{"line":2,"column":41},"end":{"line":2,"column":null}},"4":{"start":{"line":3,"column":24},"end":{"line":3,"column":null}},"5":{"start":{"line":7,"column":2},"end":{"line":71,"column":null}},"6":{"start":{"line":8,"column":21},"end":{"line":8,"column":null}},"7":{"start":{"line":11,"column":29},"end":{"line":11,"column":null}},"8":{"start":{"line":12,"column":21},"end":{"line":12,"column":null}},"9":{"start":{"line":13,"column":18},"end":{"line":13,"column":null}},"10":{"start":{"line":14,"column":19},"end":{"line":14,"column":null}},"11":{"start":{"line":15,"column":19},"end":{"line":15,"column":null}},"12":{"start":{"line":18,"column":16},"end":{"line":22,"column":null}},"13":{"start":{"line":25,"column":4},"end":{"line":27,"column":null}},"14":{"start":{"line":26,"column":6},"end":{"line":26,"column":null}},"15":{"start":{"line":29,"column":4},"end":{"line":31,"column":null}},"16":{"start":{"line":30,"column":6},"end":{"line":30,"column":null}},"17":{"start":{"line":33,"column":4},"end":{"line":35,"column":null}},"18":{"start":{"line":34,"column":6},"end":{"line":34,"column":null}},"19":{"start":{"line":37,"column":4},"end":{"line":39,"column":null}},"20":{"start":{"line":38,"column":6},"end":{"line":38,"column":null}},"21":{"start":{"line":41,"column":37},"end":{"line":41,"column":null}},"22":{"start":{"line":43,"column":4},"end":{"line":49,"column":null}},"23":{"start":{"line":44,"column":6},"end":{"line":44,"column":null}},"24":{"start":{"line":45,"column":6},"end":{"line":47,"column":null}},"25":{"start":{"line":52,"column":20},"end":{"line":57,"column":null}},"26":{"start":{"line":53,"column":6},"end":{"line":53,"column":null}},"27":{"start":{"line":53,"column":30},"end":{"line":53,"column":null}},"28":{"start":{"line":54,"column":6},"end":{"line":54,"column":null}},"29":{"start":{"line":54,"column":47},"end":{"line":54,"column":null}},"30":{"start":{"line":55,"column":6},"end":{"line":55,"column":null}},"31":{"start":{"line":56,"column":6},"end":{"line":56,"column":null}},"32":{"start":{"line":59,"column":4},"end":{"line":63,"column":null}},"33":{"start":{"line":66,"column":4},"end":{"line":66,"column":null}},"34":{"start":{"line":67,"column":4},"end":{"line":69,"column":null}},"35":{"start":{"line":76,"column":2},"end":{"line":138,"column":null}},"36":{"start":{"line":77,"column":21},"end":{"line":77,"column":null}},"37":{"start":{"line":78,"column":17},"end":{"line":78,"column":null}},"38":{"start":{"line":79,"column":23},"end":{"line":79,"column":null}},"39":{"start":{"line":81,"column":4},"end":{"line":128,"column":null}},"40":{"start":{"line":83,"column":39},"end":{"line":88,"column":null}},"41":{"start":{"line":90,"column":6},"end":{"line":95,"column":null}},"42":{"start":{"line":91,"column":8},"end":{"line":93,"column":null}},"43":{"start":{"line":98,"column":29},"end":{"line":102,"column":null}},"44":{"start":{"line":104,"column":6},"end":{"line":125,"column":null}},"45":{"start":{"line":105,"column":8},"end":{"line":110,"column":null}},"46":{"start":{"line":106,"column":10},"end":{"line":109,"column":null}},"47":{"start":{"line":112,"column":28},"end":{"line":116,"column":null}},"48":{"start":{"line":119,"column":23},"end":{"line":120,"column":null}},"49":{"start":{"line":120,"column":28},"end":{"line":120,"column":57}},"50":{"start":{"line":122,"column":8},"end":{"line":124,"column":null}},"51":{"start":{"line":123,"column":10},"end":{"line":123,"column":null}},"52":{"start":{"line":127,"column":6},"end":{"line":127,"column":null}},"53":{"start":{"line":130,"column":4},"end":{"line":130,"column":null}},"54":{"start":{"line":133,"column":4},"end":{"line":133,"column":null}},"55":{"start":{"line":134,"column":4},"end":{"line":136,"column":null}},"56":{"start":{"line":143,"column":51},"end":{"line":154,"column":null}},"57":{"start":{"line":156,"column":2},"end":{"line":156,"column":null}},"58":{"start":{"line":156,"column":86},"end":{"line":156,"column":null}},"59":{"start":{"line":161,"column":2},"end":{"line":168,"column":null}},"60":{"start":{"line":163,"column":27},"end":{"line":163,"column":null}}},"fnMap":{"0":{"name":"GET","decl":{"start":{"line":6,"column":22},"end":{"line":6,"column":25}},"loc":{"start":{"line":6,"column":46},"end":{"line":72,"column":null}}},"1":{"name":"(anonymous_4)","decl":{"start":{"line":52,"column":36},"end":{"line":52,"column":37}},"loc":{"start":{"line":52,"column":47},"end":{"line":57,"column":7}}},"2":{"name":"POST","decl":{"start":{"line":75,"column":22},"end":{"line":75,"column":26}},"loc":{"start":{"line":75,"column":47},"end":{"line":139,"column":null}}},"3":{"name":"(anonymous_6)","decl":{"start":{"line":104,"column":23},"end":{"line":104,"column":24}},"loc":{"start":{"line":104,"column":24},"end":{"line":125,"column":null}}},"4":{"name":"(anonymous_7)","decl":{"start":{"line":120,"column":16},"end":{"line":120,"column":17}},"loc":{"start":{"line":120,"column":28},"end":{"line":120,"column":57}}},"5":{"name":"formatCategoryName","decl":{"start":{"line":142,"column":9},"end":{"line":142,"column":28}},"loc":{"start":{"line":142,"column":44},"end":{"line":157,"column":null}}},"6":{"name":"(anonymous_9)","decl":{"start":{"line":156,"column":81},"end":{"line":156,"column":86}},"loc":{"start":{"line":156,"column":86},"end":{"line":156,"column":null}}},"7":{"name":"formatSubcategoryName","decl":{"start":{"line":159,"column":9},"end":{"line":159,"column":31}},"loc":{"start":{"line":159,"column":50},"end":{"line":169,"column":null}}},"8":{"name":"(anonymous_11)","decl":{"start":{"line":163,"column":22},"end":{"line":163,"column":27}},"loc":{"start":{"line":163,"column":27},"end":{"line":163,"column":null}}}},"branchMap":{"0":{"loc":{"start":{"line":14,"column":19},"end":{"line":14,"column":null}},"type":"binary-expr","locations":[{"start":{"line":14,"column":19},"end":{"line":14,"column":49}},{"start":{"line":14,"column":49},"end":{"line":14,"column":null}}]},"1":{"loc":{"start":{"line":25,"column":4},"end":{"line":27,"column":null}},"type":"if","locations":[{"start":{"line":25,"column":4},"end":{"line":27,"column":null}}]},"2":{"loc":{"start":{"line":29,"column":4},"end":{"line":31,"column":null}},"type":"if","locations":[{"start":{"line":29,"column":4},"end":{"line":31,"column":null}}]},"3":{"loc":{"start":{"line":33,"column":4},"end":{"line":35,"column":null}},"type":"if","locations":[{"start":{"line":33,"column":4},"end":{"line":35,"column":null}}]},"4":{"loc":{"start":{"line":37,"column":4},"end":{"line":39,"column":null}},"type":"if","locations":[{"start":{"line":37,"column":4},"end":{"line":39,"column":null}}]},"5":{"loc":{"start":{"line":43,"column":4},"end":{"line":49,"column":null}},"type":"if","locations":[{"start":{"line":43,"column":4},"end":{"line":49,"column":null}}]},"6":{"loc":{"start":{"line":53,"column":6},"end":{"line":53,"column":null}},"type":"if","locations":[{"start":{"line":53,"column":6},"end":{"line":53,"column":null}}]},"7":{"loc":{"start":{"line":54,"column":6},"end":{"line":54,"column":null}},"type":"if","locations":[{"start":{"line":54,"column":6},"end":{"line":54,"column":null}}]},"8":{"loc":{"start":{"line":60,"column":15},"end":{"line":60,"column":28}},"type":"binary-expr","locations":[{"start":{"line":60,"column":15},"end":{"line":60,"column":26}},{"start":{"line":60,"column":26},"end":{"line":60,"column":28}}]},"9":{"loc":{"start":{"line":61,"column":15},"end":{"line":61,"column":null}},"type":"binary-expr","locations":[{"start":{"line":61,"column":15},"end":{"line":61,"column":26}},{"start":{"line":61,"column":26},"end":{"line":61,"column":null}}]},"10":{"loc":{"start":{"line":62,"column":13},"end":{"line":62,"column":null}},"type":"binary-expr","locations":[{"start":{"line":62,"column":13},"end":{"line":62,"column":32}},{"start":{"line":62,"column":32},"end":{"line":62,"column":null}}]},"11":{"loc":{"start":{"line":81,"column":4},"end":{"line":128,"column":null}},"type":"if","locations":[{"start":{"line":81,"column":4},"end":{"line":128,"column":null}}]},"12":{"loc":{"start":{"line":90,"column":6},"end":{"line":95,"column":null}},"type":"if","locations":[{"start":{"line":90,"column":6},"end":{"line":95,"column":null}}]},"13":{"loc":{"start":{"line":105,"column":8},"end":{"line":110,"column":null}},"type":"if","locations":[{"start":{"line":105,"column":8},"end":{"line":110,"column":null}}]},"14":{"loc":{"start":{"line":122,"column":8},"end":{"line":124,"column":null}},"type":"if","locations":[{"start":{"line":122,"column":8},"end":{"line":124,"column":null}}]},"15":{"loc":{"start":{"line":156,"column":9},"end":{"line":156,"column":null}},"type":"binary-expr","locations":[{"start":{"line":156,"column":9},"end":{"line":156,"column":32}},{"start":{"line":156,"column":36},"end":{"line":156,"column":null}}]}},"s":{"0":0,"1":0,"2":0,"3":0,"4":0,"5":0,"6":0,"7":0,"8":0,"9":0,"10":0,"11":0,"12":0,"13":0,"14":0,"15":0,"16":0,"17":0,"18":0,"19":0,"20":0,"21":0,"22":0,"23":0,"24":0,"25":0,"26":0,"27":0,"28":0,"29":0,"30":0,"31":0,"32":0,"33":0,"34":0,"35":0,"36":0,"37":0,"38":0,"39":0,"40":0,"41":0,"42":0,"43":0,"44":0,"45":0,"46":0,"47":0,"48":0,"49":0,"50":0,"51":0,"52":0,"53":0,"54":0,"55":0,"56":0,"57":0,"58":0,"59":0,"60":0},"f":{"0":0,"1":0,"2":0,"3":0,"4":0,"5":0,"6":0,"7":0,"8":0},"b":{"0":[0,0],"1":[0],"2":[0],"3":[0],"4":[0],"5":[0],"6":[0],"7":[0],"8":[0,0],"9":[0,0],"10":[0,0],"11":[0],"12":[0],"13":[0],"14":[0],"15":[0,0]}}
,"/Users/uday/Downloads/rsustain-carbon-exchange/components/auth-provider.tsx": {"path":"/Users/uday/Downloads/rsustain-carbon-exchange/components/auth-provider.tsx","statementMap":{"0":{"start":{"line":16,"column":13},"end":{"line":16,"column":24}},"1":{"start":{"line":23,"column":16},"end":{"line":23,"column":28}},"2":{"start":{"line":4,"column":63},"end":{"line":4,"column":null}},"3":{"start":{"line":5,"column":44},"end":{"line":5,"column":null}},"4":{"start":{"line":7,"column":46},"end":{"line":7,"column":null}},"5":{"start":{"line":16,"column":27},"end":{"line":21,"column":null}},"6":{"start":{"line":24,"column":26},"end":{"line":24,"column":null}},"7":{"start":{"line":25,"column":40},"end":{"line":25,"column":null}},"8":{"start":{"line":26,"column":32},"end":{"line":26,"column":null}},"9":{"start":{"line":27,"column":19},"end":{"line":27,"column":null}},"10":{"start":{"line":29,"column":2},"end":{"line":63,"column":null}},"11":{"start":{"line":30,"column":20},"end":{"line":43,"column":null}},"12":{"start":{"line":33,"column":10},"end":{"line":33,"column":null}},"13":{"start":{"line":35,"column":6},"end":{"line":35,"column":null}},"14":{"start":{"line":37,"column":6},"end":{"line":40,"column":null}},"15":{"start":{"line":38,"column":24},"end":{"line":38,"column":null}},"16":{"start":{"line":39,"column":8},"end":{"line":39,"column":null}},"17":{"start":{"line":42,"column":6},"end":{"line":42,"column":null}},"18":{"start":{"line":45,"column":4},"end":{"line":45,"column":null}},"19":{"start":{"line":49,"column":8},"end":{"line":60,"column":null}},"20":{"start":{"line":50,"column":6},"end":{"line":50,"column":null}},"21":{"start":{"line":52,"column":6},"end":{"line":57,"column":null}},"22":{"start":{"line":53,"column":24},"end":{"line":53,"column":null}},"23":{"start":{"line":54,"column":8},"end":{"line":54,"column":null}},"24":{"start":{"line":56,"column":8},"end":{"line":56,"column":null}},"25":{"start":{"line":59,"column":6},"end":{"line":59,"column":null}},"26":{"start":{"line":62,"column":4},"end":{"line":62,"column":null}},"27":{"start":{"line":62,"column":17},"end":{"line":62,"column":null}},"28":{"start":{"line":65,"column":18},"end":{"line":68,"column":null}},"29":{"start":{"line":66,"column":4},"end":{"line":66,"column":null}},"30":{"start":{"line":67,"column":4},"end":{"line":67,"column":null}}},"fnMap":{"0":{"name":"(anonymous_3)","decl":{"start":{"line":20,"column":11},"end":{"line":20,"column":24}},"loc":{"start":{"line":20,"column":11},"end":{"line":20,"column":null}}},"1":{"name":"AuthProvider","decl":{"start":{"line":23,"column":16},"end":{"line":23,"column":28}},"loc":{"start":{"line":23,"column":72},"end":{"line":71,"column":null}}},"2":{"name":"(anonymous_5)","decl":{"start":{"line":29,"column":12},"end":{"line":29,"column":null}},"loc":{"start":{"line":29,"column":12},"end":{"line":63,"column":5}}},"3":{"name":"(anonymous_6)","decl":{"start":{"line":30,"column":20},"end":{"line":30,"column":null}},"loc":{"start":{"line":30,"column":20},"end":{"line":43,"column":null}}},"4":{"name":"(anonymous_7)","decl":{"start":{"line":49,"column":40},"end":{"line":49,"column":47}},"loc":{"start":{"line":49,"column":54},"end":{"line":60,"column":null}}},"5":{"name":"(anonymous_8)","decl":{"start":{"line":62,"column":11},"end":{"line":62,"column":17}},"loc":{"start":{"line":62,"column":17},"end":{"line":62,"column":null}}},"6":{"name":"(anonymous_9)","decl":{"start":{"line":65,"column":18},"end":{"line":65,"column":null}},"loc":{"start":{"line":65,"column":18},"end":{"line":68,"column":null}}}},"branchMap":{"0":{"loc":{"start":{"line":37,"column":6},"end":{"line":40,"column":null}},"type":"if","locations":[{"start":{"line":37,"column":6},"end":{"line":40,"column":null}}]},"1":{"loc":{"start":{"line":50,"column":14},"end":{"line":50,"column":null}},"type":"binary-expr","locations":[{"start":{"line":50,"column":14},"end":{"line":50,"column":31}},{"start":{"line":50,"column":31},"end":{"line":50,"column":null}}]},"2":{"loc":{"start":{"line":52,"column":6},"end":{"line":57,"column":null}},"type":"if","locations":[{"start":{"line":52,"column":6},"end":{"line":57,"column":null}},{"start":{"line":55,"column":13},"end":{"line":57,"column":null}}]}},"s":{"0":0,"1":0,"2":0,"3":0,"4":0,"5":0,"6":0,"7":0,"8":0,"9":0,"10":0,"11":0,"12":0,"13":0,"14":0,"15":0,"16":0,"17":0,"18":0,"19":0,"20":0,"21":0,"22":0,"23":0,"24":0,"25":0,"26":0,"27":0,"28":0,"29":0,"30":0},"f":{"0":0,"1":0,"2":0,"3":0,"4":0,"5":0,"6":0},"b":{"0":[0],"1":[0,0],"2":[0,0]}}
,"/Users/uday/Downloads/rsustain-carbon-exchange/components/features-section.tsx": {"path":"/Users/uday/Downloads/rsustain-carbon-exchange/components/features-section.tsx","statementMap":{"0":{"start":{"line":71,"column":16},"end":{"line":71,"column":null}},"1":{"start":{"line":1,"column":57},"end":{"line":1,"column":null}},"2":{"start":{"line":2,"column":92},"end":{"line":2,"column":null}},"3":{"start":{"line":4,"column":17},"end":{"line":69,"column":null}},"4":{"start":{"line":86,"column":12},"end":{"line":86,"column":30}}},"fnMap":{"0":{"name":"FeaturesSection","decl":{"start":{"line":71,"column":16},"end":{"line":71,"column":null}},"loc":{"start":{"line":71,"column":16},"end":{"line":131,"column":null}}},"1":{"name":"(anonymous_2)","decl":{"start":{"line":85,"column":24},"end":{"line":85,"column":25}},"loc":{"start":{"line":86,"column":12},"end":{"line":86,"column":30}}}},"branchMap":{},"s":{"0":0,"1":0,"2":0,"3":0,"4":0},"f":{"0":0,"1":0},"b":{}}
,"/Users/uday/Downloads/rsustain-carbon-exchange/components/hero-section.tsx": {"path":"/Users/uday/Downloads/rsustain-carbon-exchange/components/hero-section.tsx","statementMap":{"0":{"start":{"line":5,"column":16},"end":{"line":5,"column":null}},"1":{"start":{"line":1,"column":23},"end":{"line":1,"column":null}},"2":{"start":{"line":2,"column":73},"end":{"line":2,"column":null}},"3":{"start":{"line":3,"column":17},"end":{"line":3,"column":null}}},"fnMap":{"0":{"name":"HeroSection","decl":{"start":{"line":5,"column":16},"end":{"line":5,"column":null}},"loc":{"start":{"line":5,"column":16},"end":{"line":74,"column":null}}}},"branchMap":{},"s":{"0":0,"1":0,"2":0,"3":0},"f":{"0":0},"b":{}}
,"/Users/uday/Downloads/rsustain-carbon-exchange/components/navigation.tsx": {"path":"/Users/uday/Downloads/rsustain-carbon-exchange/components/navigation.tsx","statementMap":{"0":{"start":{"line":10,"column":16},"end":{"line":10,"column":null}},"1":{"start":{"line":3,"column":25},"end":{"line":3,"column":null}},"2":{"start":{"line":4,"column":17},"end":{"line":4,"column":null}},"3":{"start":{"line":5,"column":23},"end":{"line":5,"column":null}},"4":{"start":{"line":6,"column":50},"end":{"line":6,"column":null}},"5":{"start":{"line":7,"column":59},"end":{"line":7,"column":null}},"6":{"start":{"line":8,"column":24},"end":{"line":8,"column":null}},"7":{"start":{"line":11,"column":30},"end":{"line":11,"column":null}},"8":{"start":{"line":12,"column":28},"end":{"line":12,"column":null}},"9":{"start":{"line":14,"column":19},"end":{"line":19,"column":null}},"10":{"start":{"line":35,"column":34},"end":{"line":35,"column":43}},"11":{"start":{"line":36,"column":12},"end":{"line":38,"column":null}},"12":{"start":{"line":98,"column":38},"end":{"line":98,"column":47}},"13":{"start":{"line":99,"column":16},"end":{"line":101,"column":null}},"14":{"start":{"line":104,"column":35},"end":{"line":104,"column":null}}},"fnMap":{"0":{"name":"Navigation","decl":{"start":{"line":10,"column":16},"end":{"line":10,"column":null}},"loc":{"start":{"line":10,"column":16},"end":{"line":145,"column":null}}},"1":{"name":"(anonymous_3)","decl":{"start":{"line":34,"column":24},"end":{"line":34,"column":25}},"loc":{"start":{"line":34,"column":25},"end":{"line":46,"column":null}}},"2":{"name":"(anonymous_4)","decl":{"start":{"line":97,"column":28},"end":{"line":97,"column":29}},"loc":{"start":{"line":97,"column":29},"end":{"line":110,"column":null}}},"3":{"name":"(anonymous_5)","decl":{"start":{"line":104,"column":29},"end":{"line":104,"column":35}},"loc":{"start":{"line":104,"column":35},"end":{"line":104,"column":null}}}},"branchMap":{"0":{"loc":{"start":{"line":51,"column":12},"end":{"line":67,"column":null}},"type":"cond-expr","locations":[{"start":{"line":51,"column":12},"end":{"line":67,"column":null}}]},"1":{"loc":{"start":{"line":114,"column":18},"end":{"line":122,"column":19}},"type":"cond-expr","locations":[{"start":{"line":114,"column":18},"end":{"line":122,"column":19}}]}},"s":{"0":0,"1":0,"2":0,"3":0,"4":0,"5":0,"6":0,"7":0,"8":0,"9":0,"10":0,"11":0,"12":0,"13":0,"14":0},"f":{"0":0,"1":0,"2":0,"3":0},"b":{"0":[0],"1":[0]}}
,"/Users/uday/Downloads/rsustain-carbon-exchange/components/stats-section.tsx": {"path":"/Users/uday/Downloads/rsustain-carbon-exchange/components/stats-section.tsx","statementMap":{"0":{"start":{"line":16,"column":16},"end":{"line":16,"column":null}},"1":{"start":{"line":3,"column":36},"end":{"line":3,"column":null}},"2":{"start":{"line":4,"column":34},"end":{"line":4,"column":null}},"3":{"start":{"line":5,"column":25},"end":{"line":5,"column":null}},"4":{"start":{"line":6,"column":25},"end":{"line":6,"column":null}},"5":{"start":{"line":7,"column":51},"end":{"line":7,"column":null}},"6":{"start":{"line":17,"column":28},"end":{"line":22,"column":null}},"7":{"start":{"line":23,"column":32},"end":{"line":23,"column":null}},"8":{"start":{"line":25,"column":2},"end":{"line":73,"column":null}},"9":{"start":{"line":26,"column":23},"end":{"line":70,"column":null}},"10":{"start":{"line":27,"column":6},"end":{"line":69,"column":null}},"11":{"start":{"line":29,"column":72},"end":{"line":33,"column":null}},"12":{"start":{"line":35,"column":25},"end":{"line":35,"column":52}},"13":{"start":{"line":36,"column":29},"end":{"line":36,"column":60}},"14":{"start":{"line":37,"column":22},"end":{"line":37,"column":46}},"15":{"start":{"line":40,"column":31},"end":{"line":40,"column":108}},"16":{"start":{"line":40,"column":52},"end":{"line":40,"column":102}},"17":{"start":{"line":41,"column":35},"end":{"line":43,"column":null}},"18":{"start":{"line":42,"column":23},"end":{"line":42,"column":null}},"19":{"start":{"line":43,"column":30},"end":{"line":43,"column":55}},"20":{"start":{"line":44,"column":27},"end":{"line":44,"column":39}},"21":{"start":{"line":47,"column":27},"end":{"line":47,"column":null}},"22":{"start":{"line":47,"column":48},"end":{"line":47,"column":60}},"23":{"start":{"line":47,"column":71},"end":{"line":47,"column":83}},"24":{"start":{"line":48,"column":29},"end":{"line":50,"column":null}},"25":{"start":{"line":49,"column":46},"end":{"line":49,"column":59}},"26":{"start":{"line":52,"column":8},"end":{"line":57,"column":null}},"27":{"start":{"line":59,"column":8},"end":{"line":59,"column":null}},"28":{"start":{"line":61,"column":8},"end":{"line":66,"column":null}},"29":{"start":{"line":68,"column":8},"end":{"line":68,"column":null}},"30":{"start":{"line":72,"column":4},"end":{"line":72,"column":null}},"31":{"start":{"line":75,"column":20},"end":{"line":112,"column":null}},"32":{"start":{"line":114,"column":2},"end":{"line":143,"column":null}},"33":{"start":{"line":128,"column":14},"end":{"line":128,"column":28}},"34":{"start":{"line":159,"column":34},"end":{"line":159,"column":43}},"35":{"start":{"line":160,"column":12},"end":{"line":161,"column":32}}},"fnMap":{"0":{"name":"StatsSection","decl":{"start":{"line":16,"column":16},"end":{"line":16,"column":null}},"loc":{"start":{"line":16,"column":16},"end":{"line":208,"column":null}}},"1":{"name":"(anonymous_2)","decl":{"start":{"line":25,"column":12},"end":{"line":25,"column":null}},"loc":{"start":{"line":25,"column":12},"end":{"line":73,"column":5}}},"2":{"name":"(anonymous_3)","decl":{"start":{"line":26,"column":23},"end":{"line":26,"column":null}},"loc":{"start":{"line":26,"column":23},"end":{"line":70,"column":null}}},"3":{"name":"(anonymous_4)","decl":{"start":{"line":40,"column":47},"end":{"line":40,"column":52}},"loc":{"start":{"line":40,"column":52},"end":{"line":40,"column":102}}},"4":{"name":"(anonymous_5)","decl":{"start":{"line":42,"column":18},"end":{"line":42,"column":23}},"loc":{"start":{"line":42,"column":23},"end":{"line":42,"column":null}}},"5":{"name":"(anonymous_6)","decl":{"start":{"line":43,"column":18},"end":{"line":43,"column":19}},"loc":{"start":{"line":43,"column":30},"end":{"line":43,"column":55}}},"6":{"name":"(anonymous_7)","decl":{"start":{"line":47,"column":43},"end":{"line":47,"column":48}},"loc":{"start":{"line":47,"column":48},"end":{"line":47,"column":60}}},"7":{"name":"(anonymous_8)","decl":{"start":{"line":47,"column":66},"end":{"line":47,"column":71}},"loc":{"start":{"line":47,"column":71},"end":{"line":47,"column":83}}},"8":{"name":"(anonymous_9)","decl":{"start":{"line":49,"column":30},"end":{"line":49,"column":31}},"loc":{"start":{"line":49,"column":46},"end":{"line":49,"column":59}}},"9":{"name":"(anonymous_10)","decl":{"start":{"line":127,"column":31},"end":{"line":127,"column":32}},"loc":{"start":{"line":128,"column":14},"end":{"line":128,"column":28}}},"10":{"name":"(anonymous_11)","decl":{"start":{"line":158,"column":25},"end":{"line":158,"column":26}},"loc":{"start":{"line":158,"column":32},"end":{"line":187,"column":null}}}},"branchMap":{"0":{"loc":{"start":{"line":35,"column":25},"end":{"line":35,"column":52}},"type":"binary-expr","locations":[{"start":{"line":35,"column":25},"end":{"line":35,"column":46}},{"start":{"line":35,"column":50},"end":{"line":35,"column":52}}]},"1":{"loc":{"start":{"line":36,"column":29},"end":{"line":36,"column":60}},"type":"binary-expr","locations":[{"start":{"line":36,"column":29},"end":{"line":36,"column":54}},{"start":{"line":36,"column":58},"end":{"line":36,"column":60}}]},"2":{"loc":{"start":{"line":37,"column":22},"end":{"line":37,"column":46}},"type":"binary-expr","locations":[{"start":{"line":37,"column":22},"end":{"line":37,"column":40}},{"start":{"line":37,"column":44},"end":{"line":37,"column":46}}]},"3":{"loc":{"start":{"line":40,"column":52},"end":{"line":40,"column":102}},"type":"binary-expr","locations":[{"start":{"line":40,"column":52},"end":{"line":40,"column":79}},{"start":{"line":40,"column":79},"end":{"line":40,"column":102}}]},"4":{"loc":{"start":{"line":48,"column":29},"end":{"line":50,"column":null}},"type":"cond-expr","locations":[{"start":{"line":49,"column":12},"end":{"line":49,"column":81}},{"start":{"line":50,"column":12},"end":{"line":50,"column":null}}]},"5":{"loc":{"start":{"line":114,"column":2},"end":{"line":143,"column":null}},"type":"if","locations":[{"start":{"line":114,"column":2},"end":{"line":143,"column":null}}]}},"s":{"0":0,"1":0,"2":0,"3":0,"4":0,"5":0,"6":0,"7":0,"8":0,"9":0,"10":0,"11":0,"12":0,"13":0,"14":0,"15":0,"16":0,"17":0,"18":0,"19":0,"20":0,"21":0,"22":0,"23":0,"24":0,"25":0,"26":0,"27":0,"28":0,"29":0,"30":0,"31":0,"32":0,"33":0,"34":0,"35":0},"f":{"0":0,"1":0,"2":0,"3":0,"4":0,"5":0,"6":0,"7":0,"8":0,"9":0,"10":0},"b":{"0":[0,0],"1":[0,0],"2":[0,0],"3":[0,0],"4":[0,0],"5":[0]}}
,"/Users/uday/Downloads/rsustain-carbon-exchange/components/theme-provider.tsx": {"path":"/Users/uday/Downloads/rsustain-carbon-exchange/components/theme-provider.tsx","statementMap":{"0":{"start":{"line":9,"column":16},"end":{"line":9,"column":30}},"1":{"start":{"line":3,"column":23},"end":{"line":3,"column":null}},"2":{"start":{"line":7,"column":7},"end":{"line":7,"column":null}}},"fnMap":{"0":{"name":"ThemeProvider","decl":{"start":{"line":9,"column":16},"end":{"line":9,"column":30}},"loc":{"start":{"line":9,"column":72},"end":{"line":11,"column":null}}}},"branchMap":{},"s":{"0":0,"1":0,"2":0},"f":{"0":0},"b":{}}
,"/Users/uday/Downloads/rsustain-carbon-exchange/components/calculator/carbon-calculator.tsx": {"path":"/Users/uday/Downloads/rsustain-carbon-exchange/components/calculator/carbon-calculator.tsx","statementMap":{"0":{"start":{"line":72,"column":16},"end":{"line":72,"column":null}},"1":{"start":{"line":3,"column":36},"end":{"line":3,"column":null}},"2":{"start":{"line":4,"column":57},"end":{"line":4,"column":null}},"3":{"start":{"line":5,"column":23},"end":{"line":5,"column":null}},"4":{"start":{"line":6,"column":22},"end":{"line":6,"column":null}},"5":{"start":{"line":7,"column":22},"end":{"line":7,"column":null}},"6":{"start":{"line":8,"column":78},"end":{"line":8,"column":null}},"7":{"start":{"line":9,"column":57},"end":{"line":9,"column":null}},"8":{"start":{"line":10,"column":22},"end":{"line":10,"column":null}},"9":{"start":{"line":11,"column":25},"end":{"line":11,"column":null}},"10":{"start":{"line":12,"column":40},"end":{"line":12,"column":null}},"11":{"start":{"line":13,"column":25},"end":{"line":13,"column":null}},"12":{"start":{"line":14,"column":105},"end":{"line":14,"column":null}},"13":{"start":{"line":15,"column":36},"end":{"line":15,"column":null}},"14":{"start":{"line":16,"column":24},"end":{"line":16,"column":null}},"15":{"start":{"line":17,"column":25},"end":{"line":17,"column":null}},"16":{"start":{"line":73,"column":19},"end":{"line":73,"column":null}},"17":{"start":{"line":74,"column":20},"end":{"line":74,"column":null}},"18":{"start":{"line":77,"column":46},"end":{"line":84,"column":null}},"19":{"start":{"line":86,"column":44},"end":{"line":86,"column":null}},"20":{"start":{"line":87,"column":44},"end":{"line":87,"column":null}},"21":{"start":{"line":88,"column":44},"end":{"line":88,"column":null}},"22":{"start":{"line":90,"column":48},"end":{"line":90,"column":null}},"23":{"start":{"line":91,"column":40},"end":{"line":91,"column":null}},"24":{"start":{"line":92,"column":30},"end":{"line":92,"column":null}},"25":{"start":{"line":93,"column":36},"end":{"line":93,"column":null}},"26":{"start":{"line":96,"column":2},"end":{"line":98,"column":null}},"27":{"start":{"line":97,"column":4},"end":{"line":97,"column":null}},"28":{"start":{"line":100,"column":39},"end":{"line":112,"column":null}},"29":{"start":{"line":101,"column":4},"end":{"line":111,"column":null}},"30":{"start":{"line":102,"column":23},"end":{"line":102,"column":null}},"31":{"start":{"line":103,"column":6},"end":{"line":103,"column":null}},"32":{"start":{"line":105,"column":6},"end":{"line":105,"column":null}},"33":{"start":{"line":106,"column":6},"end":{"line":110,"column":null}},"34":{"start":{"line":115,"column":27},"end":{"line":136,"column":null}},"35":{"start":{"line":116,"column":36},"end":{"line":122,"column":null}},"36":{"start":{"line":124,"column":4},"end":{"line":135,"column":null}},"37":{"start":{"line":125,"column":6},"end":{"line":125,"column":null}},"38":{"start":{"line":126,"column":6},"end":{"line":126,"column":null}},"39":{"start":{"line":127,"column":11},"end":{"line":135,"column":null}},"40":{"start":{"line":128,"column":6},"end":{"line":128,"column":null}},"41":{"start":{"line":129,"column":6},"end":{"line":129,"column":null}},"42":{"start":{"line":130,"column":6},"end":{"line":130,"column":null}},"43":{"start":{"line":132,"column":6},"end":{"line":132,"column":null}},"44":{"start":{"line":133,"column":6},"end":{"line":133,"column":null}},"45":{"start":{"line":134,"column":6},"end":{"line":134,"column":null}},"46":{"start":{"line":139,"column":30},"end":{"line":147,"column":null}},"47":{"start":{"line":140,"column":4},"end":{"line":146,"column":null}},"48":{"start":{"line":141,"column":6},"end":{"line":141,"column":null}},"49":{"start":{"line":141,"column":49},"end":{"line":141,"column":null}},"50":{"start":{"line":142,"column":11},"end":{"line":146,"column":null}},"51":{"start":{"line":143,"column":6},"end":{"line":143,"column":null}},"52":{"start":{"line":143,"column":49},"end":{"line":143,"column":null}},"53":{"start":{"line":145,"column":6},"end":{"line":145,"column":null}},"54":{"start":{"line":145,"column":49},"end":{"line":145,"column":null}},"55":{"start":{"line":150,"column":30},"end":{"line":163,"column":null}},"56":{"start":{"line":151,"column":24},"end":{"line":153,"column":null}},"57":{"start":{"line":152,"column":6},"end":{"line":153,"column":null}},"58":{"start":{"line":153,"column":8},"end":{"line":153,"column":null}},"59":{"start":{"line":156,"column":4},"end":{"line":162,"column":null}},"60":{"start":{"line":157,"column":6},"end":{"line":157,"column":null}},"61":{"start":{"line":158,"column":11},"end":{"line":162,"column":null}},"62":{"start":{"line":159,"column":6},"end":{"line":159,"column":null}},"63":{"start":{"line":161,"column":6},"end":{"line":161,"column":null}},"64":{"start":{"line":166,"column":29},"end":{"line":214,"column":null}},"65":{"start":{"line":167,"column":4},"end":{"line":174,"column":null}},"66":{"start":{"line":168,"column":6},"end":{"line":172,"column":null}},"67":{"start":{"line":173,"column":6},"end":{"line":173,"column":null}},"68":{"start":{"line":176,"column":4},"end":{"line":183,"column":null}},"69":{"start":{"line":177,"column":6},"end":{"line":181,"column":null}},"70":{"start":{"line":182,"column":6},"end":{"line":182,"column":null}},"71":{"start":{"line":185,"column":4},"end":{"line":185,"column":null}},"72":{"start":{"line":187,"column":4},"end":{"line":213,"column":null}},"73":{"start":{"line":188,"column":30},"end":{"line":194,"column":null}},"74":{"start":{"line":190,"column":46},"end":{"line":190,"column":null}},"75":{"start":{"line":191,"column":46},"end":{"line":191,"column":null}},"76":{"start":{"line":192,"column":46},"end":{"line":192,"column":null}},"77":{"start":{"line":196,"column":23},"end":{"line":196,"column":null}},"78":{"start":{"line":197,"column":6},"end":{"line":197,"column":null}},"79":{"start":{"line":198,"column":6},"end":{"line":198,"column":null}},"80":{"start":{"line":200,"column":6},"end":{"line":203,"column":null}},"81":{"start":{"line":205,"column":6},"end":{"line":205,"column":null}},"82":{"start":{"line":206,"column":6},"end":{"line":210,"column":null}},"83":{"start":{"line":212,"column":6},"end":{"line":212,"column":null}},"84":{"start":{"line":217,"column":32},"end":{"line":236,"column":null}},"85":{"start":{"line":218,"column":23},"end":{"line":234,"column":null}},"86":{"start":{"line":235,"column":4},"end":{"line":235,"column":null}},"87":{"start":{"line":274,"column":39},"end":{"line":274,"column":null}},"88":{"start":{"line":283,"column":48},"end":{"line":283,"column":null}},"89":{"start":{"line":289,"column":60},"end":{"line":289,"column":90}},"90":{"start":{"line":290,"column":26},"end":{"line":290,"column":49}},"91":{"start":{"line":301,"column":39},"end":{"line":301,"column":null}},"92":{"start":{"line":311,"column":39},"end":{"line":311,"column":null}},"93":{"start":{"line":320,"column":46},"end":{"line":320,"column":null}},"94":{"start":{"line":336,"column":37},"end":{"line":336,"column":61}},"95":{"start":{"line":354,"column":41},"end":{"line":354,"column":62}},"96":{"start":{"line":369,"column":20},"end":{"line":369,"column":41}},"97":{"start":{"line":374,"column":43},"end":{"line":374,"column":null}},"98":{"start":{"line":387,"column":56},"end":{"line":387,"column":null}},"99":{"start":{"line":404,"column":47},"end":{"line":404,"column":null}},"100":{"start":{"line":414,"column":47},"end":{"line":414,"column":null}},"101":{"start":{"line":423,"column":56},"end":{"line":423,"column":null}},"102":{"start":{"line":442,"column":47},"end":{"line":442,"column":null}},"103":{"start":{"line":451,"column":47},"end":{"line":451,"column":null}},"104":{"start":{"line":462,"column":47},"end":{"line":462,"column":null}},"105":{"start":{"line":477,"column":37},"end":{"line":477,"column":65}},"106":{"start":{"line":480,"column":37},"end":{"line":480,"column":61}},"107":{"start":{"line":498,"column":41},"end":{"line":498,"column":62}},"108":{"start":{"line":513,"column":20},"end":{"line":513,"column":41}},"109":{"start":{"line":518,"column":43},"end":{"line":518,"column":null}},"110":{"start":{"line":531,"column":56},"end":{"line":531,"column":null}},"111":{"start":{"line":548,"column":56},"end":{"line":548,"column":null}},"112":{"start":{"line":564,"column":47},"end":{"line":564,"column":null}},"113":{"start":{"line":573,"column":56},"end":{"line":573,"column":null}},"114":{"start":{"line":590,"column":56},"end":{"line":590,"column":null}},"115":{"start":{"line":609,"column":47},"end":{"line":609,"column":null}},"116":{"start":{"line":623,"column":37},"end":{"line":623,"column":61}},"117":{"start":{"line":626,"column":37},"end":{"line":626,"column":61}},"118":{"start":{"line":644,"column":41},"end":{"line":644,"column":62}},"119":{"start":{"line":659,"column":20},"end":{"line":659,"column":41}},"120":{"start":{"line":666,"column":43},"end":{"line":666,"column":null}},"121":{"start":{"line":679,"column":56},"end":{"line":679,"column":null}},"122":{"start":{"line":685,"column":68},"end":{"line":685,"column":75}},"123":{"start":{"line":686,"column":34},"end":{"line":686,"column":56}},"124":{"start":{"line":698,"column":47},"end":{"line":698,"column":null}},"125":{"start":{"line":707,"column":56},"end":{"line":707,"column":null}},"126":{"start":{"line":726,"column":56},"end":{"line":726,"column":null}},"127":{"start":{"line":749,"column":37},"end":{"line":749,"column":61}},"128":{"start":{"line":845,"column":24},"end":{"line":845,"column":43}},"129":{"start":{"line":870,"column":24},"end":{"line":870,"column":41}}},"fnMap":{"0":{"name":"CarbonCalculator","decl":{"start":{"line":72,"column":16},"end":{"line":72,"column":null}},"loc":{"start":{"line":72,"column":16},"end":{"line":905,"column":null}}},"1":{"name":"(anonymous_2)","decl":{"start":{"line":96,"column":12},"end":{"line":96,"column":null}},"loc":{"start":{"line":96,"column":12},"end":{"line":98,"column":5}}},"2":{"name":"(anonymous_3)","decl":{"start":{"line":100,"column":39},"end":{"line":100,"column":null}},"loc":{"start":{"line":100,"column":39},"end":{"line":112,"column":null}}},"3":{"name":"(anonymous_4)","decl":{"start":{"line":115,"column":27},"end":{"line":115,"column":28}},"loc":{"start":{"line":115,"column":28},"end":{"line":136,"column":null}}},"4":{"name":"(anonymous_5)","decl":{"start":{"line":139,"column":30},"end":{"line":139,"column":31}},"loc":{"start":{"line":139,"column":49},"end":{"line":147,"column":null}}},"5":{"name":"(anonymous_6)","decl":{"start":{"line":141,"column":44},"end":{"line":141,"column":49}},"loc":{"start":{"line":141,"column":49},"end":{"line":141,"column":null}}},"6":{"name":"(anonymous_7)","decl":{"start":{"line":143,"column":44},"end":{"line":143,"column":49}},"loc":{"start":{"line":143,"column":49},"end":{"line":143,"column":null}}},"7":{"name":"(anonymous_8)","decl":{"start":{"line":145,"column":44},"end":{"line":145,"column":49}},"loc":{"start":{"line":145,"column":49},"end":{"line":145,"column":null}}},"8":{"name":"(anonymous_9)","decl":{"start":{"line":150,"column":30},"end":{"line":150,"column":31}},"loc":{"start":{"line":150,"column":76},"end":{"line":163,"column":null}}},"9":{"name":"(anonymous_10)","decl":{"start":{"line":151,"column":24},"end":{"line":151,"column":25}},"loc":{"start":{"line":152,"column":6},"end":{"line":153,"column":null}}},"10":{"name":"(anonymous_11)","decl":{"start":{"line":152,"column":18},"end":{"line":152,"column":null}},"loc":{"start":{"line":153,"column":8},"end":{"line":153,"column":null}}},"11":{"name":"(anonymous_12)","decl":{"start":{"line":166,"column":29},"end":{"line":166,"column":null}},"loc":{"start":{"line":166,"column":29},"end":{"line":214,"column":null}}},"12":{"name":"(anonymous_13)","decl":{"start":{"line":190,"column":41},"end":{"line":190,"column":46}},"loc":{"start":{"line":190,"column":46},"end":{"line":190,"column":null}}},"13":{"name":"(anonymous_14)","decl":{"start":{"line":191,"column":41},"end":{"line":191,"column":46}},"loc":{"start":{"line":191,"column":46},"end":{"line":191,"column":null}}},"14":{"name":"(anonymous_15)","decl":{"start":{"line":192,"column":41},"end":{"line":192,"column":46}},"loc":{"start":{"line":192,"column":46},"end":{"line":192,"column":null}}},"15":{"name":"(anonymous_16)","decl":{"start":{"line":217,"column":32},"end":{"line":217,"column":33}},"loc":{"start":{"line":217,"column":33},"end":{"line":236,"column":null}}},"16":{"name":"(anonymous_17)","decl":{"start":{"line":274,"column":32},"end":{"line":274,"column":33}},"loc":{"start":{"line":274,"column":39},"end":{"line":274,"column":null}}},"17":{"name":"(anonymous_18)","decl":{"start":{"line":283,"column":37},"end":{"line":283,"column":38}},"loc":{"start":{"line":283,"column":48},"end":{"line":283,"column":null}}},"18":{"name":"(anonymous_19)","decl":{"start":{"line":289,"column":50},"end":{"line":289,"column":51}},"loc":{"start":{"line":289,"column":60},"end":{"line":289,"column":90}}},"19":{"name":"(anonymous_20)","decl":{"start":{"line":289,"column":94},"end":{"line":289,"column":null}},"loc":{"start":{"line":290,"column":26},"end":{"line":290,"column":49}}},"20":{"name":"(anonymous_21)","decl":{"start":{"line":301,"column":32},"end":{"line":301,"column":33}},"loc":{"start":{"line":301,"column":39},"end":{"line":301,"column":null}}},"21":{"name":"(anonymous_22)","decl":{"start":{"line":311,"column":32},"end":{"line":311,"column":33}},"loc":{"start":{"line":311,"column":39},"end":{"line":311,"column":null}}},"22":{"name":"(anonymous_23)","decl":{"start":{"line":320,"column":35},"end":{"line":320,"column":36}},"loc":{"start":{"line":320,"column":46},"end":{"line":320,"column":null}}},"23":{"name":"(anonymous_24)","decl":{"start":{"line":336,"column":31},"end":{"line":336,"column":37}},"loc":{"start":{"line":336,"column":37},"end":{"line":336,"column":61}}},"24":{"name":"(anonymous_25)","decl":{"start":{"line":354,"column":35},"end":{"line":354,"column":41}},"loc":{"start":{"line":354,"column":41},"end":{"line":354,"column":62}}},"25":{"name":"(anonymous_26)","decl":{"start":{"line":368,"column":36},"end":{"line":368,"column":37}},"loc":{"start":{"line":369,"column":20},"end":{"line":369,"column":41}}},"26":{"name":"(anonymous_27)","decl":{"start":{"line":374,"column":37},"end":{"line":374,"column":43}},"loc":{"start":{"line":374,"column":43},"end":{"line":374,"column":null}}},"27":{"name":"(anonymous_28)","decl":{"start":{"line":387,"column":45},"end":{"line":387,"column":46}},"loc":{"start":{"line":387,"column":56},"end":{"line":387,"column":null}}},"28":{"name":"(anonymous_29)","decl":{"start":{"line":404,"column":40},"end":{"line":404,"column":41}},"loc":{"start":{"line":404,"column":47},"end":{"line":404,"column":null}}},"29":{"name":"(anonymous_30)","decl":{"start":{"line":414,"column":40},"end":{"line":414,"column":41}},"loc":{"start":{"line":414,"column":47},"end":{"line":414,"column":null}}},"30":{"name":"(anonymous_31)","decl":{"start":{"line":423,"column":45},"end":{"line":423,"column":46}},"loc":{"start":{"line":423,"column":56},"end":{"line":423,"column":null}}},"31":{"name":"(anonymous_32)","decl":{"start":{"line":442,"column":40},"end":{"line":442,"column":41}},"loc":{"start":{"line":442,"column":47},"end":{"line":442,"column":null}}},"32":{"name":"(anonymous_33)","decl":{"start":{"line":451,"column":40},"end":{"line":451,"column":41}},"loc":{"start":{"line":451,"column":47},"end":{"line":451,"column":null}}},"33":{"name":"(anonymous_34)","decl":{"start":{"line":462,"column":40},"end":{"line":462,"column":41}},"loc":{"start":{"line":462,"column":47},"end":{"line":462,"column":null}}},"34":{"name":"(anonymous_35)","decl":{"start":{"line":477,"column":31},"end":{"line":477,"column":37}},"loc":{"start":{"line":477,"column":37},"end":{"line":477,"column":65}}},"35":{"name":"(anonymous_36)","decl":{"start":{"line":480,"column":31},"end":{"line":480,"column":37}},"loc":{"start":{"line":480,"column":37},"end":{"line":480,"column":61}}},"36":{"name":"(anonymous_37)","decl":{"start":{"line":498,"column":35},"end":{"line":498,"column":41}},"loc":{"start":{"line":498,"column":41},"end":{"line":498,"column":62}}},"37":{"name":"(anonymous_38)","decl":{"start":{"line":512,"column":36},"end":{"line":512,"column":37}},"loc":{"start":{"line":513,"column":20},"end":{"line":513,"column":41}}},"38":{"name":"(anonymous_39)","decl":{"start":{"line":518,"column":37},"end":{"line":518,"column":43}},"loc":{"start":{"line":518,"column":43},"end":{"line":518,"column":null}}},"39":{"name":"(anonymous_40)","decl":{"start":{"line":531,"column":45},"end":{"line":531,"column":46}},"loc":{"start":{"line":531,"column":56},"end":{"line":531,"column":null}}},"40":{"name":"(anonymous_41)","decl":{"start":{"line":548,"column":45},"end":{"line":548,"column":46}},"loc":{"start":{"line":548,"column":56},"end":{"line":548,"column":null}}},"41":{"name":"(anonymous_42)","decl":{"start":{"line":564,"column":40},"end":{"line":564,"column":41}},"loc":{"start":{"line":564,"column":47},"end":{"line":564,"column":null}}},"42":{"name":"(anonymous_43)","decl":{"start":{"line":573,"column":45},"end":{"line":573,"column":46}},"loc":{"start":{"line":573,"column":56},"end":{"line":573,"column":null}}},"43":{"name":"(anonymous_44)","decl":{"start":{"line":590,"column":45},"end":{"line":590,"column":46}},"loc":{"start":{"line":590,"column":56},"end":{"line":590,"column":null}}},"44":{"name":"(anonymous_45)","decl":{"start":{"line":609,"column":40},"end":{"line":609,"column":41}},"loc":{"start":{"line":609,"column":47},"end":{"line":609,"column":null}}},"45":{"name":"(anonymous_46)","decl":{"start":{"line":623,"column":31},"end":{"line":623,"column":37}},"loc":{"start":{"line":623,"column":37},"end":{"line":623,"column":61}}},"46":{"name":"(anonymous_47)","decl":{"start":{"line":626,"column":31},"end":{"line":626,"column":37}},"loc":{"start":{"line":626,"column":37},"end":{"line":626,"column":61}}},"47":{"name":"(anonymous_48)","decl":{"start":{"line":644,"column":35},"end":{"line":644,"column":41}},"loc":{"start":{"line":644,"column":41},"end":{"line":644,"column":62}}},"48":{"name":"(anonymous_49)","decl":{"start":{"line":658,"column":36},"end":{"line":658,"column":37}},"loc":{"start":{"line":659,"column":20},"end":{"line":659,"column":41}}},"49":{"name":"(anonymous_50)","decl":{"start":{"line":666,"column":37},"end":{"line":666,"column":43}},"loc":{"start":{"line":666,"column":43},"end":{"line":666,"column":null}}},"50":{"name":"(anonymous_51)","decl":{"start":{"line":679,"column":45},"end":{"line":679,"column":46}},"loc":{"start":{"line":679,"column":56},"end":{"line":679,"column":null}}},"51":{"name":"(anonymous_52)","decl":{"start":{"line":685,"column":58},"end":{"line":685,"column":59}},"loc":{"start":{"line":685,"column":68},"end":{"line":685,"column":75}}},"52":{"name":"(anonymous_53)","decl":{"start":{"line":685,"column":79},"end":{"line":685,"column":null}},"loc":{"start":{"line":686,"column":34},"end":{"line":686,"column":56}}},"53":{"name":"(anonymous_54)","decl":{"start":{"line":698,"column":40},"end":{"line":698,"column":41}},"loc":{"start":{"line":698,"column":47},"end":{"line":698,"column":null}}},"54":{"name":"(anonymous_55)","decl":{"start":{"line":707,"column":45},"end":{"line":707,"column":46}},"loc":{"start":{"line":707,"column":56},"end":{"line":707,"column":null}}},"55":{"name":"(anonymous_56)","decl":{"start":{"line":726,"column":45},"end":{"line":726,"column":46}},"loc":{"start":{"line":726,"column":56},"end":{"line":726,"column":null}}},"56":{"name":"(anonymous_57)","decl":{"start":{"line":749,"column":31},"end":{"line":749,"column":37}},"loc":{"start":{"line":749,"column":37},"end":{"line":749,"column":61}}},"57":{"name":"(anonymous_58)","decl":{"start":{"line":844,"column":43},"end":{"line":844,"column":44}},"loc":{"start":{"line":845,"column":24},"end":{"line":845,"column":43}}},"58":{"name":"(anonymous_59)","decl":{"start":{"line":869,"column":50},"end":{"line":869,"column":51}},"loc":{"start":{"line":870,"column":24},"end":{"line":870,"column":41}}}},"branchMap":{"0":{"loc":{"start":{"line":124,"column":4},"end":{"line":135,"column":null}},"type":"if","locations":[{"start":{"line":124,"column":4},"end":{"line":135,"column":null}},{"start":{"line":127,"column":11},"end":{"line":135,"column":null}}]},"1":{"loc":{"start":{"line":127,"column":11},"end":{"line":135,"column":null}},"type":"if","locations":[{"start":{"line":127,"column":11},"end":{"line":135,"column":null}},{"start":{"line":131,"column":11},"end":{"line":135,"column":null}}]},"2":{"loc":{"start":{"line":140,"column":4},"end":{"line":146,"column":null}},"type":"if","locations":[{"start":{"line":140,"column":4},"end":{"line":146,"column":null}},{"start":{"line":142,"column":11},"end":{"line":146,"column":null}}]},"3":{"loc":{"start":{"line":142,"column":11},"end":{"line":146,"column":null}},"type":"if","locations":[{"start":{"line":142,"column":11},"end":{"line":146,"column":null}},{"start":{"line":144,"column":11},"end":{"line":146,"column":null}}]},"4":{"loc":{"start":{"line":153,"column":8},"end":{"line":153,"column":null}},"type":"cond-expr","locations":[{"start":{"line":153,"column":26},"end":{"line":153,"column":57}},{"start":{"line":153,"column":57},"end":{"line":153,"column":null}}]},"5":{"loc":{"start":{"line":156,"column":4},"end":{"line":162,"column":null}},"type":"if","locations":[{"start":{"line":156,"column":4},"end":{"line":162,"column":null}},{"start":{"line":158,"column":11},"end":{"line":162,"column":null}}]},"6":{"loc":{"start":{"line":158,"column":11},"end":{"line":162,"column":null}},"type":"if","locations":[{"start":{"line":158,"column":11},"end":{"line":162,"column":null}},{"start":{"line":160,"column":11},"end":{"line":162,"column":null}}]},"7":{"loc":{"start":{"line":167,"column":4},"end":{"line":174,"column":null}},"type":"if","locations":[{"start":{"line":167,"column":4},"end":{"line":174,"column":null}}]},"8":{"loc":{"start":{"line":176,"column":4},"end":{"line":183,"column":null}},"type":"if","locations":[{"start":{"line":176,"column":4},"end":{"line":183,"column":null}}]},"9":{"loc":{"start":{"line":208,"column":21},"end":{"line":208,"column":null}},"type":"binary-expr","locations":[{"start":{"line":208,"column":21},"end":{"line":208,"column":34}},{"start":{"line":208,"column":38},"end":{"line":208,"column":null}}]},"10":{"loc":{"start":{"line":235,"column":11},"end":{"line":235,"column":96}},"type":"binary-expr","locations":[{"start":{"line":235,"column":11},"end":{"line":235,"column":64}},{"
[...]
":{"line":217,"column":null}},"62":{"start":{"line":215,"column":6},"end":{"line":215,"column":null}},"63":{"start":{"line":216,"column":6},"end":{"line":216,"column":null}},"64":{"start":{"line":219,"column":4},"end":{"line":219,"column":null}},"65":{"start":{"line":225,"column":39},"end":{"line":225,"column":null}},"66":{"start":{"line":226,"column":4},"end":{"line":226,"column":null}},"67":{"start":{"line":231,"column":4},"end":{"line":258,"column":null}},"68":{"start":{"line":232,"column":66},"end":{"line":236,"column":null}},"69":{"start":{"line":238,"column":28},"end":{"line":238,"column":null}},"70":{"start":{"line":239,"column":33},"end":{"line":239,"column":null}},"71":{"start":{"line":239,"column":77},"end":{"line":239,"column":98}},"72":{"start":{"line":240,"column":25},"end":{"line":240,"column":null}},"73":{"start":{"line":240,"column":70},"end":{"line":240,"column":91}},"74":{"start":{"line":242,"column":6},"end":{"line":248,"column":null}},"75":{"start":{"line":250,"column":6},"end":{"line":250,"column":null}},"76":{"start":{"line":251,"column":6},"end":{"line":257,"column":null}},"77":{"start":{"line":263,"column":35},"end":{"line":394,"column":null}},"78":{"start":{"line":279,"column":21},"end":{"line":285,"column":null}},"79":{"start":{"line":287,"column":4},"end":{"line":290,"column":null}},"80":{"start":{"line":288,"column":20},"end":{"line":288,"column":null}},"81":{"start":{"line":289,"column":6},"end":{"line":289,"column":null}},"82":{"start":{"line":292,"column":4},"end":{"line":292,"column":null}},"83":{"start":{"line":302,"column":25},"end":{"line":302,"column":null}},"84":{"start":{"line":303,"column":4},"end":{"line":303,"column":null}},"85":{"start":{"line":303,"column":26},"end":{"line":303,"column":null}},"86":{"start":{"line":304,"column":4},"end":{"line":304,"column":null}},"87":{"start":{"line":304,"column":23},"end":{"line":304,"column":null}},"88":{"start":{"line":305,"column":4},"end":{"line":305,"column":null}},"89":{"start":{"line":305,"column":24},"end":{"line":305,"column":null}},"90":{"start":{"line":306,"column":4},"end":{"line":306,"column":null}},"91":{"start":{"line":306,"column":24},"end":{"line":306,"column":null}},"92":{"start":{"line":308,"column":21},"end":{"line":308,"column":null}},"93":{"start":{"line":310,"column":4},"end":{"line":313,"column":null}},"94":{"start":{"line":311,"column":20},"end":{"line":311,"column":null}},"95":{"start":{"line":312,"column":6},"end":{"line":312,"column":null}},"96":{"start":{"line":315,"column":4},"end":{"line":315,"column":null}},"97":{"start":{"line":320,"column":21},"end":{"line":326,"column":null}},"98":{"start":{"line":328,"column":4},"end":{"line":331,"column":null}},"99":{"start":{"line":329,"column":20},"end":{"line":329,"column":null}},"100":{"start":{"line":330,"column":6},"end":{"line":330,"column":null}},"101":{"start":{"line":333,"column":4},"end":{"line":333,"column":null}},"102":{"start":{"line":338,"column":21},"end":{"line":338,"column":null}},"103":{"start":{"line":340,"column":4},"end":{"line":343,"column":null}},"104":{"start":{"line":341,"column":20},"end":{"line":341,"column":null}},"105":{"start":{"line":342,"column":6},"end":{"line":342,"column":null}},"106":{"start":{"line":345,"column":4},"end":{"line":345,"column":null}},"107":{"start":{"line":350,"column":19},"end":{"line":350,"column":null}},"108":{"start":{"line":351,"column":4},"end":{"line":351,"column":null}},"109":{"start":{"line":351,"column":24},"end":{"line":351,"column":null}},"110":{"start":{"line":353,"column":21},"end":{"line":353,"column":null}},"111":{"start":{"line":355,"column":4},"end":{"line":358,"column":null}},"112":{"start":{"line":356,"column":20},"end":{"line":356,"column":null}},"113":{"start":{"line":357,"column":6},"end":{"line":357,"column":null}},"114":{"start":{"line":360,"column":4},"end":{"line":360,"column":null}},"115":{"start":{"line":365,"column":21},"end":{"line":371,"column":null}},"116":{"start":{"line":373,"column":4},"end":{"line":376,"column":null}},"117":{"start":{"line":374,"column":20},"end":{"line":374,"column":null}},"118":{"start":{"line":375,"column":6},"end":{"line":375,"column":null}},"119":{"start":{"line":378,"column":4},"end":{"line":378,"column":null}},"120":{"start":{"line":383,"column":21},"end":{"line":385,"column":null}},"121":{"start":{"line":387,"column":4},"end":{"line":390,"column":null}},"122":{"start":{"line":388,"column":20},"end":{"line":388,"column":null}},"123":{"start":{"line":389,"column":6},"end":{"line":389,"column":null}},"124":{"start":{"line":392,"column":4},"end":{"line":392,"column":null}}},"fnMap":{"0":{"name":"(anonymous_5)","decl":{"start":{"line":79,"column":15},"end":{"line":79,"column":null}},"loc":{"start":{"line":79,"column":15},"end":{"line":92,"column":null}}},"1":{"name":"(anonymous_6)","decl":{"start":{"line":94,"column":14},"end":{"line":94,"column":21}},"loc":{"start":{"line":94,"column":21},"end":{"line":103,"column":null}}},"2":{"name":"(anonymous_7)","decl":{"start":{"line":105,"column":17},"end":{"line":105,"column":24}},"loc":{"start":{"line":105,"column":24},"end":{"line":114,"column":null}}},"3":{"name":"(anonymous_8)","decl":{"start":{"line":117,"column":14},"end":{"line":117,"column":null}},"loc":{"start":{"line":117,"column":14},"end":{"line":130,"column":null}}},"4":{"name":"(anonymous_9)","decl":{"start":{"line":132,"column":18},"end":{"line":132,"column":25}},"loc":{"start":{"line":132,"column":25},"end":{"line":145,"column":null}}},"5":{"name":"(anonymous_10)","decl":{"start":{"line":148,"column":19},"end":{"line":148,"column":26}},"loc":{"start":{"line":148,"column":26},"end":{"line":163,"column":null}}},"6":{"name":"(anonymous_11)","decl":{"start":{"line":165,"column":21},"end":{"line":165,"column":28}},"loc":{"start":{"line":165,"column":28},"end":{"line":174,"column":null}}},"7":{"name":"(anonymous_12)","decl":{"start":{"line":177,"column":18},"end":{"line":177,"column":25}},"loc":{"start":{"line":177,"column":25},"end":{"line":186,"column":null}}},"8":{"name":"(anonymous_13)","decl":{"start":{"line":188,"column":21},"end":{"line":188,"column":28}},"loc":{"start":{"line":188,"column":44},"end":{"line":197,"column":null}}},"9":{"name":"(anonymous_14)","decl":{"start":{"line":200,"column":22},"end":{"line":200,"column":29}},"loc":{"start":{"line":200,"column":29},"end":{"line":204,"column":null}}},"10":{"name":"(anonymous_15)","decl":{"start":{"line":206,"column":17},"end":{"line":206,"column":24}},"loc":{"start":{"line":206,"column":24},"end":{"line":220,"column":null}}},"11":{"name":"(anonymous_16)","decl":{"start":{"line":223,"column":22},"end":{"line":223,"column":29}},"loc":{"start":{"line":223,"column":29},"end":{"line":227,"column":null}}},"12":{"name":"(anonymous_17)","decl":{"start":{"line":230,"column":20},"end":{"line":230,"column":null}},"loc":{"start":{"line":230,"column":20},"end":{"line":259,"column":null}}},"13":{"name":"(anonymous_18)","decl":{"start":{"line":239,"column":60},"end":{"line":239,"column":61}},"loc":{"start":{"line":239,"column":77},"end":{"line":239,"column":98}}},"14":{"name":"(anonymous_19)","decl":{"start":{"line":240,"column":57},"end":{"line":240,"column":58}},"loc":{"start":{"line":240,"column":70},"end":{"line":240,"column":91}}},"15":{"name":"(anonymous_20)","decl":{"start":{"line":265,"column":2},"end":{"line":265,"column":8}},"loc":{"start":{"line":278,"column":3},"end":{"line":293,"column":null}}},"16":{"name":"(anonymous_21)","decl":{"start":{"line":296,"column":2},"end":{"line":296,"column":8}},"loc":{"start":{"line":301,"column":3},"end":{"line":316,"column":null}}},"17":{"name":"(anonymous_22)","decl":{"start":{"line":319,"column":2},"end":{"line":319,"column":8}},"loc":{"start":{"line":319,"column":8},"end":{"line":334,"column":null}}},"18":{"name":"(anonymous_23)","decl":{"start":{"line":337,"column":2},"end":{"line":337,"column":8}},"loc":{"start":{"line":337,"column":8},"end":{"line":346,"column":null}}},"19":{"name":"(anonymous_24)","decl":{"start":{"line":349,"column":2},"end":{"line":349,"column":8}},"loc":{"start":{"line":349,"column":56},"end":{"line":361,"column":null}}},"20":{"name":"(anonymous_25)","decl":{"start":{"line":364,"column":2},"end":{"line":364,"column":8}},"loc":{"start":{"line":364,"column":85},"end":{"line":379,"column":null}}},"21":{"name":"(anonymous_26)","decl":{"start":{"line":382,"column":2},"end":{"line":382,"column":8}},"loc":{"start":{"line":382,"column":35},"end":{"line":393,"column":null}}}},"branchMap":{"0":{"loc":{"start":{"line":5,"column":24},"end":{"line":9,"column":null}},"type":"cond-expr","locations":[{"start":{"line":6,"column":4},"end":{"line":6,"column":null}},{"start":{"line":7,"column":4},"end":{"line":9,"column":null}}]},"1":{"loc":{"start":{"line":16,"column":29},"end":{"line":18,"column":null}},"type":"cond-expr","locations":[{"start":{"line":17,"column":4},"end":{"line":17,"column":null}},{"start":{"line":18,"column":4},"end":{"line":18,"column":null}}]},"2":{"loc":{"start":{"line":16,"column":29},"end":{"line":16,"column":null}},"type":"binary-expr","locations":[{"start":{"line":16,"column":29},"end":{"line":16,"column":44}},{"start":{"line":16,"column":44},"end":{"line":16,"column":null}}]},"3":{"loc":{"start":{"line":86,"column":4},"end":{"line":89,"column":null}},"type":"if","locations":[{"start":{"line":86,"column":4},"end":{"line":89,"column":null}}]},"4":{"loc":{"start":{"line":91,"column":11},"end":{"line":91,"column":21}},"type":"binary-expr","locations":[{"start":{"line":91,"column":11},"end":{"line":91,"column":19}},{"start":{"line":91,"column":19},"end":{"line":91,"column":21}}]},"5":{"loc":{"start":{"line":97,"column":4},"end":{"line":100,"column":null}},"type":"if","locations":[{"start":{"line":97,"column":4},"end":{"line":100,"column":null}}]},"6":{"loc":{"start":{"line":108,"column":4},"end":{"line":111,"column":null}},"type":"if","locations":[{"start":{"line":108,"column":4},"end":{"line":111,"column":null}}]},"7":{"loc":{"start":{"line":124,"column":4},"end":{"line":127,"column":null}},"type":"if","locations":[{"start":{"line":124,"column":4},"end":{"line":127,"column":null}}]},"8":{"loc":{"start":{"line":129,"column":11},"end":{"line":129,"column":21}},"type":"binary-expr","locations":[{"start":{"line":129,"column":11},"end":{"line":129,"column":19}},{"start":{"line":129,"column":19},"end":{"line":129,"column":21}}]},"9":{"loc":{"start":{"line":139,"column":4},"end":{"line":142,"column":null}},"type":"if","locations":[{"start":{"line":139,"column":4},"end":{"line":142,"column":null}}]},"10":{"loc":{"start":{"line":144,"column":11},"end":{"line":144,"column":21}},"type":"binary-expr","locations":[{"start":{"line":144,"column":11},"end":{"line":144,"column":19}},{"start":{"line":144,"column":19},"end":{"line":144,"column":21}}]},"11":{"loc":{"start":{"line":151,"column":4},"end":{"line":153,"column":null}},"type":"if","locations":[{"start":{"line":151,"column":4},"end":{"line":153,"column":null}}]},"12":{"loc":{"start":{"line":157,"column":4},"end":{"line":160,"column":null}},"type":"if","locations":[{"start":{"line":157,"column":4},"end":{"line":160,"column":null}}]},"13":{"loc":{"start":{"line":162,"column":11},"end":{"line":162,"column":21}},"type":"binary-expr","locations":[{"start":{"line":162,"column":11},"end":{"line":162,"column":19}},{"start":{"line":162,"column":19},"end":{"line":162,"column":21}}]},"14":{"loc":{"start":{"line":168,"column":4},"end":{"line":171,"column":null}},"type":"if","locations":[{"start":{"line":168,"column":4},"end":{"line":171,"column":null}}]},"15":{"loc":{"start":{"line":180,"column":4},"end":{"line":183,"column":null}},"type":"if","locations":[{"start":{"line":180,"column":4},"end":{"line":183,"column":null}}]},"16":{"loc":{"start":{"line":191,"column":4},"end":{"line":194,"column":null}},"type":"if","locations":[{"start":{"line":191,"column":4},"end":{"line":194,"column":null}}]},"17":{"loc":{"start":{"line":214,"column":4},"end":{"line":217,"column":null}},"type":"if","locations":[{"start":{"line":214,"column":4},"end":{"line":217,"column":null}}]},"18":{"loc":{"start":{"line":219,"column":11},"end":{"line":219,"column":null}},"type":"binary-expr","locations":[{"start":{"line":219,"column":11},"end":{"line":219,"column":20}},{"start":{"line":219,"column":24},"end":{"line":219,"column":null}}]},"19":{"loc":{"start":{"line":226,"column":12},"end":{"line":226,"column":28}},"type":"binary-expr","locations":[{"start":{"line":226,"column":12},"end":{"line":226,"column":22}},{"start":{"line":226,"column":22},"end":{"line":226,"column":28}}]},"20":{"loc":{"start":{"line":226,"column":28},"end":{"line":226,"column":44}},"type":"binary-expr","locations":[{"start":{"line":226,"column":28},"end":{"line":226,"column":38}},{"start":{"line":226,"column":38},"end":{"line":226,"column":44}}]},"21":{"loc":{"start":{"line":226,"column":44},"end":{"line":226,"column":null}},"type":"binary-expr","locations":[{"start":{"line":226,"column":44},"end":{"line":226,"column":54}},{"start":{"line":226,"column":54},"end":{"line":226,"column":null}}]},"22":{"loc":{"start":{"line":238,"column":28},"end":{"line":238,"column":null}},"type":"binary-expr","locations":[{"start":{"line":238,"column":28},"end":{"line":238,"column":48}},{"start":{"line":238,"column":52},"end":{"line":238,"column":null}}]},"23":{"loc":{"start":{"line":239,"column":33},"end":{"line":239,"column":null}},"type":"binary-expr","locations":[{"start":{"line":239,"column":33},"end":{"line":239,"column":106}},{"start":{"line":239,"column":106},"end":{"line":239,"column":null}}]},"24":{"loc":{"start":{"line":240,"column":25},"end":{"line":240,"column":null}},"type":"binary-expr","locations":[{"start":{"line":240,"column":25},"end":{"line":240,"column":99}},{"start":{"line":240,"column":99},"end":{"line":240,"column":null}}]},"25":{"loc":{"start":{"line":287,"column":4},"end":{"line":290,"column":null}},"type":"if","locations":[{"start":{"line":287,"column":4},"end":{"line":290,"column":null}}]},"26":{"loc":{"start":{"line":289,"column":22},"end":{"line":289,"column":null}},"type":"binary-expr","locations":[{"start":{"line":289,"column":22},"end":{"line":289,"column":33}},{"start":{"line":289,"column":37},"end":{"line":289,"column":null}}]},"27":{"loc":{"start":{"line":303,"column":4},"end":{"line":303,"column":null}},"type":"if","locations":[{"start":{"line":303,"column":4},"end":{"line":303,"column":null}}]},"28":{"loc":{"start":{"line":304,"column":4},"end":{"line":304,"column":null}},"type":"if","locations":[{"start":{"line":304,"column":4},"end":{"line":304,"column":null}}]},"29":{"loc":{"start":{"line":305,"column":4},"end":{"line":305,"column":null}},"type":"if","locations":[{"start":{"line":305,"column":4},"end":{"line":305,"column":null}}]},"30":{"loc":{"start":{"line":306,"column":4},"end":{"line":306,"column":null}},"type":"if","locations":[{"start":{"line":306,"column":4},"end":{"line":306,"column":null}}]},"31":{"loc":{"start":{"line":310,"column":4},"end":{"line":313,"column":null}},"type":"if","locations":[{"start":{"line":310,"column":4},"end":{"line":313,"column":null}}]},"32":{"loc":{"start":{"line":312,"column":22},"end":{"line":312,"column":null}},"type":"binary-expr","locations":[{"start":{"line":312,"column":22},"end":{"line":312,"column":33}},{"start":{"line":312,"column":37},"end":{"line":312,"column":null}}]},"33":{"loc":{"start":{"line":328,"column":4},"end":{"line":331,"column":null}},"type":"if","locations":[{"start":{"line":328,"column":4},"end":{"line":331,"column":null}}]},"34":{"loc":{"start":{"line":330,"column":22},"end":{"line":330,"column":null}},"type":"binary-expr","locations":[{"start":{"line":330,"column":22},"end":{"line":330,"column":33}},{"start":{"line":330,"column":37},"end":{"line":330,"column":null}}]},"35":{"loc":{"start":{"line":340,"column":4},"end":{"line":343,"column":null}},"type":"if","locations":[{"start":{"line":340,"column":4},"end":{"line":343,"column":null}}]},"36":{"loc":{"start":{"line":342,"column":22},"end":{"line":342,"column":null}},"type":"binary-expr","locations":[{"start":{"line":342,"column":22},"end":{"line":342,"column":33}},{"start":{"line":342,"column":37},"end":{"line":342,"column":null}}]},"37":{"loc":{"start":{"line":349,"column":34},"end":{"line":349,"column":56}},"type":"default-arg","locations":[{"start":{"line":349,"column":51},"end":{"line":349,"column":56}}]},"38":{"loc":{"start":{"line":351,"column":4},"end":{"line":351,"column":null}},"type":"if","locations":[{"start":{"line":351,"column":4},"end":{"line":351,"column":null}}]},"39":{"loc":{"start":{"line":355,"column":4},"end":{"line":358,"column":null}},"type":"if","locations":[{"start":{"line":355,"column":4},"end":{"line":358,"column":null}}]},"40":{"loc":{"start":{"line":357,"column":22},"end":{"line":357,"column":null}},"type":"binary-expr","locations":[{"start":{"line":357,"column":22},"end":{"line":357,"column":33}},{"start":{"line":357,"column":37},"end":{"line":357,"column":null}}]},"41":{"loc":{"start":{"line":373,"column":4},"end":{"line":376,"column":null}},"type":"if","locations":[{"start":{"line":373,"column":4},"end":{"line":376,"column":null}}]},"42":{"loc":{"start":{"line":375,"column":22},"end":{"line":375,"column":null}},"type":"binary-expr","locations":[{"start":{"line":375,"column":22},"end":{"line":375,"column":33}},{"start":{"line":375,"column":37},"end":{"line":375,"column":null}}]},"43":{"loc":{"start":{"line":387,"column":4},"end":{"line":390,"column":null}},"type":"if","locations":[{"start":{"line":387,"column":4},"end":{"line":390,"column":null}}]},"44":{"loc":{"start":{"line":389,"column":22},"end":{"line":389,"column":null}},"type":"binary-expr","locations":[{"start":{"line":389,"column":22},"end":{"line":389,"column":33}},{"start":{"line":389,"column":37},"end":{"line":389,"column":null}}]}},"s":{"0":0,"1":0,"2":0,"3":0,"4":0,"5":0,"6":0,"7":0,"8":0,"9":0,"10":0,"11":0,"12":0,"13":0,"14":0,"15":0,"16":0,"17":0,"18":0,"19":0,"20":0,"21":0,"22":0,"23":0,"24":0,"25":0,"26":0,"27":0,"28":0,"29":0,"30":0,"31":0,"32":0,"33":0,"34":0,"35":0,"36":0,"37":0,"38":0,"39":0,"40":0,"41":0,"42":0,"43":0,"44":0,"45":0,"46":0,"47":0,"48":0,"49":0,"50":0,"51":0,"52":0,"53":0,"54":0,"55":0,"56":0,"57":0,"58":0,"59":0,"60":0,"61":0,"62":0,"63":0,"64":0,"65":0,"66":0,"67":0,"68":0,"69":0,"70":0,"71":0,"72":0,"73":0,"74":0,"75":0,"76":0,"77":0,"78":0,"79":0,"80":0,"81":0,"82":0,"83":0,"84":0,"85":0,"86":0,"87":0,"88":0,"89":0,"90":0,"91":0,"92":0,"93":0,"94":0,"95":0,"96":0,"97":0,"98":0,"99":0,"100":0,"101":0,"102":0,"103":0,"104":0,"105":0,"106":0,"107":0,"108":0,"109":0,"110":0,"111":0,"112":0,"113":0,"114":0,"115":0,"116":0,"117":0,"118":0,"119":0,"120":0,"121":0,"122":0,"123":0,"124":0},"f":{"0":0,"1":0,"2":0,"3":0,"4":0,"5":0,"6":0,"7":0,"8":0,"9":0,"10":0,"11":0,"12":0,"13":0,"14":0,"15":0,"16":0,"17":0,"18":0,"19":0,"20":0,"21":0},"b":{"0":[0,0],"1":[0,0],"2":[0,0],"3":[0],"4":[0,0],"5":[0],"6":[0],"7":[0],"8":[0,0],"9":[0],"10":[0,0],"11":[0],"12":[0],"13":[0,0],"14":[0],"15":[0],"16":[0],"17":[0],"18":[0,0],"19":[0,0],"20":[0,0],"21":[0,0],"22":[0,0],"23":[0,0],"24":[0,0],"25":[0],"26":[0,0],"27":[0],"28":[0],"29":[0],"30":[0],"31":[0],"32":[0,0],"33":[0],"34":[0,0],"35":[0],"36":[0,0],"37":[0],"38":[0],"39":[0],"40":[0,0],"41":[0],"42":[0,0],"43":[0],"44":[0,0]}}
,"/Users/uday/Downloads/rsustain-carbon-exchange/lib/utils.ts": {"path":"/Users/uday/Downloads/rsustain-carbon-exchange/lib/utils.ts","statementMap":{"0":{"start":{"line":4,"column":16},"end":{"line":4,"column":19}},"1":{"start":{"line":1,"column":38},"end":{"line":1,"column":null}},"2":{"start":{"line":2,"column":24},"end":{"line":2,"column":null}},"3":{"start":{"line":5,"column":2},"end":{"line":5,"column":null}}},"fnMap":{"0":{"name":"cn","decl":{"start":{"line":4,"column":16},"end":{"line":4,"column":19}},"loc":{"start":{"line":4,"column":42},"end":{"line":6,"column":null}}}},"branchMap":{},"s":{"0":0,"1":0,"2":0,"3":0},"f":{"0":0},"b":{}}
}
